gyp info it worked if it ends with ok
gyp info using node-gyp@11.2.0
gyp info using node@22.18.0 | linux | x64
gyp info find Python using Python version 3.12.3 found at "/usr/bin/python3"
gyp http GET https://nodejs.org/download/release/v22.18.0/node-v22.18.0-headers.tar.gz
gyp http 200 https://nodejs.org/download/release/v22.18.0/node-v22.18.0-headers.tar.gz
gyp http GET https://nodejs.org/download/release/v22.18.0/SHASUMS256.txt
gyp http 200 https://nodejs.org/download/release/v22.18.0/SHASUMS256.txt
gyp info spawn /usr/bin/python3
gyp info spawn args [
gyp info spawn args '/home/sakchai/.nvm/versions/node/v22.18.0/lib/node_modules/npm/node_modules/node-gyp/gyp/gyp_main.py',
gyp info spawn args 'binding.gyp',
gyp info spawn args '-f',
gyp info spawn args 'make',
gyp info spawn args '-I',
gyp info spawn args '/home/sakchai/dev/chat_app/backend/node_modules/bson-ext/build/config.gypi',
gyp info spawn args '-I',
gyp info spawn args '/home/sakchai/.nvm/versions/node/v22.18.0/lib/node_modules/npm/node_modules/node-gyp/addon.gypi',
gyp info spawn args '-I',
gyp info spawn args '/home/sakchai/.cache/node-gyp/22.18.0/include/node/common.gypi',
gyp info spawn args '-Dlibrary=shared_library',
gyp info spawn args '-Dvisibility=default',
gyp info spawn args '-Dnode_root_dir=/home/sakchai/.cache/node-gyp/22.18.0',
gyp info spawn args '-Dnode_gyp_dir=/home/sakchai/.nvm/versions/node/v22.18.0/lib/node_modules/npm/node_modules/node-gyp',
gyp info spawn args '-Dnode_lib_file=/home/sakchai/.cache/node-gyp/22.18.0/<(target_arch)/node.lib',
gyp info spawn args '-Dmodule_root_dir=/home/sakchai/dev/chat_app/backend/node_modules/bson-ext',
gyp info spawn args '-Dnode_engine=v8',
gyp info spawn args '--depth=.',
gyp info spawn args '--no-parallel',
gyp info spawn args '--generator-output',
gyp info spawn args 'build',
gyp info spawn args '-Goutput_dir=.'
gyp info spawn args ]
gyp info spawn make
gyp info spawn args [ 'BUILDTYPE=Release', '-C', 'build' ]
In file included from ../../nan/nan.h:138,
                 from ../ext/bson.h:17,
                 from ../ext/bson.cc:36:
../../nan/nan_callbacks.h:55:23: error: ‘AccessorSignature’ is not a member of ‘v8’
   55 | typedef v8::Local<v8::AccessorSignature> Sig;
      |                       ^~~~~~~~~~~~~~~~~
../../nan/nan_callbacks.h:55:40: error: template argument 1 is invalid
   55 | typedef v8::Local<v8::AccessorSignature> Sig;
      |                                        ^
In file included from ../../nan/nan.h:182:
../../nan/nan_maybe_43_inl.h: In function ‘Nan::Maybe<bool> Nan::ForceSet(v8::Local<v8::Object>, v8::Local<v8::Value>, v8::Local<v8::Value>, v8::PropertyAttribute)’:
../../nan/nan_maybe_43_inl.h:89:15: error: ‘class v8::Object’ has no member named ‘ForceSet’
   89 |   return obj->ForceSet(GetCurrentContext(), key, value, attribs);
      |               ^~~~~~~~
../../nan/nan_maybe_43_inl.h: In function ‘Nan::MaybeLocal<v8::Object> Nan::CloneElementAt(v8::Local<v8::Array>, uint32_t)’:
../../nan/nan_maybe_43_inl.h:221:17: error: ‘class v8::Array’ has no member named ‘CloneElementAt’
  221 |   return array->CloneElementAt(GetCurrentContext(), index);
      |                 ^~~~~~~~~~~~~~
In file included from ../../nan/nan_converters.h:59,
                 from ../../nan/nan.h:187:
../../nan/nan_converters_43_inl.h: In static member function ‘static Nan::imp::ToFactoryBase<v8::Boolean>::return_t Nan::imp::ToFactory<v8::Boolean>::convert(v8::Local<v8::Value>)’:
../../nan/nan_converters_43_inl.h:15:43: error: cannot convert ‘v8::Local<v8::Context>’ to ‘v8::Isolate*’
   15 |   return val->To ## TYPE(GetCurrentContext());                                 \
      |                          ~~~~~~~~~~~~~~~~~^~
      |                                           |
      |                                           v8::Local<v8::Context>
../../nan/nan_converters_43_inl.h:18:1: note: in expansion of macro ‘X’
   18 | X(Boolean)
      | ^
In file included from /home/sakchai/.cache/node-gyp/22.18.0/include/node/v8-primitive.h:11,
                 from /home/sakchai/.cache/node-gyp/22.18.0/include/node/v8-object.h:11,
                 from /home/sakchai/.cache/node-gyp/22.18.0/include/node/v8-array-buffer.h:13,
                 from /home/sakchai/.cache/node-gyp/22.18.0/include/node/v8.h:24,
                 from ../ext/bson.cc:14:
/home/sakchai/.cache/node-gyp/22.18.0/include/node/v8-value.h:427:37: note:   initializing argument 1 of ‘v8::Local<v8::Boolean> v8::Value::ToBoolean(v8::Isolate*) const’
  427 |   Local<Boolean> ToBoolean(Isolate* isolate) const;
      |                            ~~~~~~~~~^~~~~~~
../../nan/nan_converters_43_inl.h: In static member function ‘static Nan::imp::ValueFactoryBase<bool>::return_t Nan::imp::ToFactory<bool>::convert(v8::Local<v8::Value>)’:
../../nan/nan_converters_43_inl.h:31:46: error: cannot convert ‘v8::Local<v8::Context>’ to ‘v8::Isolate*’
   31 |   return val->NAME ## Value(GetCurrentContext());                              \
      |                             ~~~~~~~~~~~~~~~~~^~
      |                                              |
      |                                              v8::Local<v8::Context>
../../nan/nan_converters_43_inl.h:34:1: note: in expansion of macro ‘X’
   34 | X(bool, Boolean)
      | ^
/home/sakchai/.cache/node-gyp/22.18.0/include/node/v8-value.h:437:30: note:   initializing argument 1 of ‘bool v8::Value::BooleanValue(v8::Isolate*) const’
  437 |   bool BooleanValue(Isolate* isolate) const;
      |                     ~~~~~~~~~^~~~~~~
In file included from ../../nan/nan_new.h:189,
                 from ../../nan/nan.h:188:
../../nan/nan_implementation_12_inl.h: In static member function ‘static Nan::imp::FactoryBase<v8::BooleanObject>::return_t Nan::imp::Factory<v8::BooleanObject>::New(bool)’:
../../nan/nan_implementation_12_inl.h:40:32: error: no matching function for call to ‘v8::BooleanObject::New(bool&)’
   40 |   return v8::BooleanObject::New(value).As<v8::BooleanObject>();
      |          ~~~~~~~~~~~~~~~~~~~~~~^~~~~~~
In file included from /home/sakchai/.cache/node-gyp/22.18.0/include/node/v8.h:47:
/home/sakchai/.cache/node-gyp/22.18.0/include/node/v8-primitive-object.h:61:23: note: candidate: ‘static v8::Local<v8::Value> v8::BooleanObject::New(v8::Isolate*, bool)’
   61 |   static Local<Value> New(Isolate* isolate, bool value);
      |                       ^~~
/home/sakchai/.cache/node-gyp/22.18.0/include/node/v8-primitive-object.h:61:23: note:   candidate expects 2 arguments, 1 provided
../../nan/nan_implementation_12_inl.h:40:60: error: expected primary-expression before ‘>’ token
   40 |   return v8::BooleanObject::New(value).As<v8::BooleanObject>();
      |                                                            ^
../../nan/nan_implementation_12_inl.h:40:62: error: expected primary-expression before ‘)’ token
   40 |   return v8::BooleanObject::New(value).As<v8::BooleanObject>();
      |                                                              ^
../../nan/nan_implementation_12_inl.h: In static member function ‘static Nan::imp::FactoryBase<v8::Function>::return_t Nan::imp::Factory<v8::Function>::New(Nan::FunctionCallback, v8::Local<v8::Value>)’:
../../nan/nan_implementation_12_inl.h:102:42: error: cannot convert ‘v8::Isolate*’ to ‘v8::Local<v8::Context>’
  102 |   return scope.Escape(v8::Function::New( isolate
      |                                          ^~~~~~~
      |                                          |
      |                                          v8::Isolate*
In file included from /home/sakchai/.cache/node-gyp/22.18.0/include/node/v8.h:33:
/home/sakchai/.cache/node-gyp/22.18.0/include/node/v8-function.h:33:22: note:   initializing argument 1 of ‘static v8::MaybeLocal<v8::Function> v8::Function::New(v8::Local<v8::Context>, v8::FunctionCallback, v8::Local<v8::Value>, int, v8::ConstructorBehavior, v8::SideEffectType)’
   33 |       Local<Context> context, FunctionCallback callback,
      |       ~~~~~~~~~~~~~~~^~~~~~~
../../nan/nan_implementation_12_inl.h: In static member function ‘static Nan::imp::FactoryBase<v8::StringObject>::return_t Nan::imp::Factory<v8::StringObject>::New(v8::Local<v8::String>)’:
../../nan/nan_implementation_12_inl.h:340:31: error: no matching function for call to ‘v8::StringObject::New(v8::Local<v8::String>&)’
  340 |   return v8::StringObject::New(value).As<v8::StringObject>();
      |          ~~~~~~~~~~~~~~~~~~~~~^~~~~~~
/home/sakchai/.cache/node-gyp/22.18.0/include/node/v8-primitive-object.h:81:23: note: candidate: ‘static v8::Local<v8::Value> v8::StringObject::New(v8::Isolate*, v8::Local<v8::String>)’
   81 |   static Local<Value> New(Isolate* isolate, Local<String> value);
      |                       ^~~
/home/sakchai/.cache/node-gyp/22.18.0/include/node/v8-primitive-object.h:81:23: note:   candidate expects 2 arguments, 1 provided
../../nan/nan_implementation_12_inl.h:340:58: error: expected primary-expression before ‘>’ token
  340 |   return v8::StringObject::New(value).As<v8::StringObject>();
      |                                                          ^
../../nan/nan_implementation_12_inl.h:340:60: error: expected primary-expression before ‘)’ token
  340 |   return v8::StringObject::New(value).As<v8::StringObject>();
      |                                                            ^
../../nan/nan.h: At global scope:
../../nan/nan.h:589:19: error: variable or field ‘AddGCEpilogueCallback’ declared void
  589 |   NAN_INLINE void AddGCEpilogueCallback(
      |                   ^~~~~~~~~~~~~~~~~~~~~
../../nan/nan.h:590:20: error: ‘GCEpilogueCallback’ is not a member of ‘v8::Isolate’
  590 |       v8::Isolate::GCEpilogueCallback callback
      |                    ^~~~~~~~~~~~~~~~~~
../../nan/nan.h:591:18: error: expected primary-expression before ‘gc_type_filter’
  591 |     , v8::GCType gc_type_filter = v8::kGCTypeAll) {
      |                  ^~~~~~~~~~~~~~
../../nan/nan.h:595:19: error: variable or field ‘RemoveGCEpilogueCallback’ declared void
  595 |   NAN_INLINE void RemoveGCEpilogueCallback(
      |                   ^~~~~~~~~~~~~~~~~~~~~~~~
../../nan/nan.h:596:20: error: ‘GCEpilogueCallback’ is not a member of ‘v8::Isolate’
  596 |       v8::Isolate::GCEpilogueCallback callback) {
      |                    ^~~~~~~~~~~~~~~~~~
../../nan/nan.h:600:19: error: variable or field ‘AddGCPrologueCallback’ declared void
  600 |   NAN_INLINE void AddGCPrologueCallback(
      |                   ^~~~~~~~~~~~~~~~~~~~~
../../nan/nan.h:601:20: error: ‘GCPrologueCallback’ is not a member of ‘v8::Isolate’
  601 |       v8::Isolate::GCPrologueCallback callback
      |                    ^~~~~~~~~~~~~~~~~~
../../nan/nan.h:602:18: error: expected primary-expression before ‘gc_type_filter’
  602 |     , v8::GCType gc_type_filter = v8::kGCTypeAll) {
      |                  ^~~~~~~~~~~~~~
../../nan/nan.h:606:19: error: variable or field ‘RemoveGCPrologueCallback’ declared void
  606 |   NAN_INLINE void RemoveGCPrologueCallback(
      |                   ^~~~~~~~~~~~~~~~~~~~~~~~
../../nan/nan.h:607:20: error: ‘GCPrologueCallback’ is not a member of ‘v8::Isolate’
  607 |       v8::Isolate::GCPrologueCallback callback) {
      |                    ^~~~~~~~~~~~~~~~~~
../../nan/nan.h: In function ‘v8::Local<v8::Value> Nan::MakeCallback(v8::Local<v8::Object>, v8::Local<v8::Function>, int, v8::Local<v8::Value>*)’:
../../nan/nan.h:800:30: warning: ‘v8::Local<v8::Value> node::MakeCallback(v8::Isolate*, v8::Local<v8::Object>, v8::Local<v8::Function>, int, v8::Local<v8::Value>*)’ is deprecated: Use MakeCallback(..., async_context) [-Wdeprecated-declarations]
  800 |     return node::MakeCallback(
      |            ~~~~~~~~~~~~~~~~~~^
  801 |         v8::Isolate::GetCurrent(), target, func, argc, argv);
      |         ~~~~~~~~~~~~~~~~~~~~~~~~~~~~~~~~~~~~~~~~~~~~~~~~~~~~
In file included from ../ext/bson.cc:22:
/home/sakchai/.cache/node-gyp/22.18.0/include/node/node.h:200:50: note: declared here
  200 |                 NODE_EXTERN v8::Local<v8::Value> MakeCallback(
      |                                                  ^~~~~~~~~~~~
/home/sakchai/.cache/node-gyp/22.18.0/include/node/node.h:117:42: note: in definition of macro ‘NODE_DEPRECATED’
  117 |     __attribute__((deprecated(message))) declarator
      |                                          ^~~~~~~~~~
../../nan/nan.h: In function ‘v8::Local<v8::Value> Nan::MakeCallback(v8::Local<v8::Object>, v8::Local<v8::String>, int, v8::Local<v8::Value>*)’:
../../nan/nan.h:814:30: warning: ‘v8::Local<v8::Value> node::MakeCallback(v8::Isolate*, v8::Local<v8::Object>, v8::Local<v8::String>, int, v8::Local<v8::Value>*)’ is deprecated: Use MakeCallback(..., async_context) [-Wdeprecated-declarations]
  814 |     return node::MakeCallback(
      |            ~~~~~~~~~~~~~~~~~~^
  815 |         v8::Isolate::GetCurrent(), target, symbol, argc, argv);
      |         ~~~~~~~~~~~~~~~~~~~~~~~~~~~~~~~~~~~~~~~~~~~~~~~~~~~~~~
/home/sakchai/.cache/node-gyp/22.18.0/include/node/node.h:193:50: note: declared here
  193 |                 NODE_EXTERN v8::Local<v8::Value> MakeCallback(
      |                                                  ^~~~~~~~~~~~
/home/sakchai/.cache/node-gyp/22.18.0/include/node/node.h:117:42: note: in definition of macro ‘NODE_DEPRECATED’
  117 |     __attribute__((deprecated(message))) declarator
      |                                          ^~~~~~~~~~
../../nan/nan.h: In function ‘v8::Local<v8::Value> Nan::MakeCallback(v8::Local<v8::Object>, const char*, int, v8::Local<v8::Value>*)’:
../../nan/nan.h:828:30: warning: ‘v8::Local<v8::Value> node::MakeCallback(v8::Isolate*, v8::Local<v8::Object>, const char*, int, v8::Local<v8::Value>*)’ is deprecated: Use MakeCallback(..., async_context) [-Wdeprecated-declarations]
  828 |     return node::MakeCallback(
      |            ~~~~~~~~~~~~~~~~~~^
  829 |         v8::Isolate::GetCurrent(), target, method, argc, argv);
      |         ~~~~~~~~~~~~~~~~~~~~~~~~~~~~~~~~~~~~~~~~~~~~~~~~~~~~~~
/home/sakchai/.cache/node-gyp/22.18.0/include/node/node.h:186:50: note: declared here
  186 |                 NODE_EXTERN v8::Local<v8::Value> MakeCallback(
      |                                                  ^~~~~~~~~~~~
/home/sakchai/.cache/node-gyp/22.18.0/include/node/node.h:117:42: note: in definition of macro ‘NODE_DEPRECATED’
  117 |     __attribute__((deprecated(message))) declarator
      |                                          ^~~~~~~~~~
../../nan/nan.h: In constructor ‘Nan::Utf8String::Utf8String(v8::Local<v8::Value>)’:
../../nan/nan.h:866:52: error: no matching function for call to ‘v8::Value::ToString()’
  866 |       v8::Local<v8::String> string = from->ToString();
      |                                      ~~~~~~~~~~~~~~^~
/home/sakchai/.cache/node-gyp/22.18.0/include/node/v8-value.h:389:44: note: candidate: ‘v8::MaybeLocal<v8::String> v8::Value::ToString(v8::Local<v8::Context>) const’
  389 |   V8_WARN_UNUSED_RESULT MaybeLocal<String> ToString(
      |                                            ^~~~~~~~
/home/sakchai/.cache/node-gyp/22.18.0/include/node/v8-value.h:389:44: note:   candidate expects 1 argument, 0 provided
../../nan/nan.h:876:37: error: cannot convert ‘char*’ to ‘v8::Isolate*’
  876 |         length_ = string->WriteUtf8(str_, static_cast<int>(len), 0, flags);
      |                                     ^~~~
      |                                     |
      |                                     char*
/home/sakchai/.cache/node-gyp/22.18.0/include/node/v8-primitive.h:203:26: note:   initializing argument 1 of ‘int v8::String::WriteUtf8(v8::Isolate*, char*, int, int*, int) const’
  203 |   int WriteUtf8(Isolate* isolate, char* buffer, int length = -1,
      |                 ~~~~~~~~~^~~~~~~
../../nan/nan.h: In member function ‘bool Nan::Callback::operator==(const Nan::Callback&) const’:
../../nan/nan.h:1339:46: error: no matching function for call to ‘v8::Object::Get(const uint32_t&)’
 1339 |     v8::Local<v8::Value> a = New(handle)->Get(kCallbackIndex);
      |                              ~~~~~~~~~~~~~~~~^~~~~~~~~~~~~~~~
/home/sakchai/.cache/node-gyp/22.18.0/include/node/v8-object.h:295:43: note: candidate: ‘v8::MaybeLocal<v8::Value> v8::Object::Get(v8::Local<v8::Context>, v8::Local<v8::Value>)’
  295 |   V8_WARN_UNUSED_RESULT MaybeLocal<Value> Get(Local<Context> context,
      |                                           ^~~
/home/sakchai/.cache/node-gyp/22.18.0/include/node/v8-object.h:295:43: note:   candidate expects 2 arguments, 1 provided
/home/sakchai/.cache/node-gyp/22.18.0/include/node/v8-object.h:298:43: note: candidate: ‘v8::MaybeLocal<v8::Value> v8::Object::Get(v8::Local<v8::Context>, uint32_t)’
  298 |   V8_WARN_UNUSED_RESULT MaybeLocal<Value> Get(Local<Context> context,
      |                                           ^~~
/home/sakchai/.cache/node-gyp/22.18.0/include/node/v8-object.h:298:43: note:   candidate expects 2 arguments, 1 provided
../../nan/nan.h:1340:52: error: no matching function for call to ‘v8::Object::Get(const uint32_t&)’
 1340 |     v8::Local<v8::Value> b = New(other.handle)->Get(kCallbackIndex);
      |                              ~~~~~~~~~~~~~~~~~~~~~~^~~~~~~~~~~~~~~~
/home/sakchai/.cache/node-gyp/22.18.0/include/node/v8-object.h:295:43: note: candidate: ‘v8::MaybeLocal<v8::Value> v8::Object::Get(v8::Local<v8::Context>, v8::Local<v8::Value>)’
  295 |   V8_WARN_UNUSED_RESULT MaybeLocal<Value> Get(Local<Context> context,
      |                                           ^~~
/home/sakchai/.cache/node-gyp/22.18.0/include/node/v8-object.h:295:43: note:   candidate expects 2 arguments, 1 provided
/home/sakchai/.cache/node-gyp/22.18.0/include/node/v8-object.h:298:43: note: candidate: ‘v8::MaybeLocal<v8::Value> v8::Object::Get(v8::Local<v8::Context>, uint32_t)’
  298 |   V8_WARN_UNUSED_RESULT MaybeLocal<Value> Get(Local<Context> context,
      |                                           ^~~
/home/sakchai/.cache/node-gyp/22.18.0/include/node/v8-object.h:298:43: note:   candidate expects 2 arguments, 1 provided
../../nan/nan.h: In member function ‘v8::Local<v8::Function> Nan::Callback::GetFunction() const’:
../../nan/nan.h:1371:41: error: no matching function for call to ‘v8::Object::Get(const uint32_t&)’
 1371 |     return scope.Escape(New(handle)->Get(kCallbackIndex)
      |                         ~~~~~~~~~~~~~~~~^~~~~~~~~~~~~~~~
/home/sakchai/.cache/node-gyp/22.18.0/include/node/v8-object.h:295:43: note: candidate: ‘v8::MaybeLocal<v8::Value> v8::Object::Get(v8::Local<v8::Context>, v8::Local<v8::Value>)’
  295 |   V8_WARN_UNUSED_RESULT MaybeLocal<Value> Get(Local<Context> context,
      |                                           ^~~
/home/sakchai/.cache/node-gyp/22.18.0/include/node/v8-object.h:295:43: note:   candidate expects 2 arguments, 1 provided
/home/sakchai/.cache/node-gyp/22.18.0/include/node/v8-object.h:298:43: note: candidate: ‘v8::MaybeLocal<v8::Value> v8::Object::Get(v8::Local<v8::Context>, uint32_t)’
  298 |   V8_WARN_UNUSED_RESULT MaybeLocal<Value> Get(Local<Context> context,
      |                                           ^~~
/home/sakchai/.cache/node-gyp/22.18.0/include/node/v8-object.h:298:43: note:   candidate expects 2 arguments, 1 provided
../../nan/nan.h:1372:25: error: expected primary-expression before ‘>’ token
 1372 |         .As<v8::Function>());
      |                         ^
../../nan/nan.h:1372:27: error: expected primary-expression before ‘)’ token
 1372 |         .As<v8::Function>());
      |                           ^
../../nan/nan.h: In member function ‘bool Nan::Callback::IsEmpty() const’:
../../nan/nan.h:1377:28: error: no matching function for call to ‘v8::Object::Get(const uint32_t&)’
 1377 |     return New(handle)->Get(kCallbackIndex)->IsUndefined();
      |            ~~~~~~~~~~~~~~~~^~~~~~~~~~~~~~~~
/home/sakchai/.cache/node-gyp/22.18.0/include/node/v8-object.h:295:43: note: candidate: ‘v8::MaybeLocal<v8::Value> v8::Object::Get(v8::Local<v8::Context>, v8::Local<v8::Value>)’
  295 |   V8_WARN_UNUSED_RESULT MaybeLocal<Value> Get(Local<Context> context,
      |                                           ^~~
/home/sakchai/.cache/node-gyp/22.18.0/include/node/v8-object.h:295:43: note:   candidate expects 2 arguments, 1 provided
/home/sakchai/.cache/node-gyp/22.18.0/include/node/v8-object.h:298:43: note: candidate: ‘v8::MaybeLocal<v8::Value> v8::Object::Get(v8::Local<v8::Context>, uint32_t)’
  298 |   V8_WARN_UNUSED_RESULT MaybeLocal<Value> Get(Local<Context> context,
      |                                           ^~~
/home/sakchai/.cache/node-gyp/22.18.0/include/node/v8-object.h:298:43: note:   candidate expects 2 arguments, 1 provided
../../nan/nan.h: In member function ‘v8::Local<v8::Value> Nan::Callback::Call_(v8::Isolate*, v8::Local<v8::Object>, int, v8::Local<v8::Value>*) const’:
../../nan/nan.h:1415:12: error: no matching function for call to ‘v8::Object::Get(const uint32_t&)’
 1414 |     v8::Local<v8::Function> callback = New(handle)->
      |                                        ~~~~~~~~~~~~~
 1415 |         Get(kCallbackIndex).As<v8::Function>();
      |         ~~~^~~~~~~~~~~~~~~~
/home/sakchai/.cache/node-gyp/22.18.0/include/node/v8-object.h:295:43: note: candidate: ‘v8::MaybeLocal<v8::Value> v8::Object::Get(v8::Local<v8::Context>, v8::Local<v8::Value>)’
  295 |   V8_WARN_UNUSED_RESULT MaybeLocal<Value> Get(Local<Context> context,
      |                                           ^~~
/home/sakchai/.cache/node-gyp/22.18.0/include/node/v8-object.h:295:43: note:   candidate expects 2 arguments, 1 provided
/home/sakchai/.cache/node-gyp/22.18.0/include/node/v8-object.h:298:43: note: candidate: ‘v8::MaybeLocal<v8::Value> v8::Object::Get(v8::Local<v8::Context>, uint32_t)’
  298 |   V8_WARN_UNUSED_RESULT MaybeLocal<Value> Get(Local<Context> context,
      |                                           ^~~
/home/sakchai/.cache/node-gyp/22.18.0/include/node/v8-object.h:298:43: note:   candidate expects 2 arguments, 1 provided
../../nan/nan.h:1415:44: error: expected primary-expression before ‘>’ token
 1415 |         Get(kCallbackIndex).As<v8::Function>();
      |                                            ^
../../nan/nan.h:1415:46: error: expected primary-expression before ‘)’ token
 1415 |         Get(kCallbackIndex).As<v8::Function>();
      |                                              ^
../../nan/nan.h:1425:43: warning: ‘v8::Local<v8::Value> node::MakeCallback(v8::Isolate*, v8::Local<v8::Object>, v8::Local<v8::Function>, int, v8::Local<v8::Value>*)’ is deprecated: Use MakeCallback(..., async_context) [-Wdeprecated-declarations]
 1425 |     return scope.Escape(node::MakeCallback(
      |                         ~~~~~~~~~~~~~~~~~~^
 1426 |         isolate
      |         ~~~~~~~                            
 1427 |       , target
      |       ~~~~~~~~                             
 1428 |       , callback
      |       ~~~~~~~~~~                           
 1429 |       , argc
      |       ~~~~~~                               
 1430 |       , argv
      |       ~~~~~~                               
 1431 |     ));
      |     ~                                      
/home/sakchai/.cache/node-gyp/22.18.0/include/node/node.h:200:50: note: declared here
  200 |                 NODE_EXTERN v8::Local<v8::Value> MakeCallback(
      |                                                  ^~~~~~~~~~~~
/home/sakchai/.cache/node-gyp/22.18.0/include/node/node.h:117:42: note: in definition of macro ‘NODE_DEPRECATED’
  117 |     __attribute__((deprecated(message))) declarator
      |                                          ^~~~~~~~~~
../../nan/nan.h: In member function ‘void Nan::AsyncWorker::SaveToPersistent(const char*, const v8::Local<v8::Value>&)’:
../../nan/nan.h:1488:31: error: no matching function for call to ‘v8::Object::Set(v8::Local<v8::String>, const v8::Local<v8::Value>&)’
 1488 |     New(persistentHandle)->Set(New(key).ToLocalChecked(), value);
      |     ~~~~~~~~~~~~~~~~~~~~~~~~~~^~~~~~~~~~~~~~~~~~~~~~~~~~~~~~~~~~
/home/sakchai/.cache/node-gyp/22.18.0/include/node/v8-object.h:240:37: note: candidate: ‘v8::Maybe<bool> v8::Object::Set(v8::Local<v8::Context>, v8::Local<v8::Value>, v8::Local<v8::Value>)’
  240 |   V8_WARN_UNUSED_RESULT Maybe<bool> Set(Local<Context> context,
      |                                     ^~~
/home/sakchai/.cache/node-gyp/22.18.0/include/node/v8-object.h:240:37: note:   candidate expects 3 arguments, 2 provided
/home/sakchai/.cache/node-gyp/22.18.0/include/node/v8-object.h:243:37: note: candidate: ‘v8::Maybe<bool> v8::Object::Set(v8::Local<v8::Context>, uint32_t, v8::Local<v8::Value>)’
  243 |   V8_WARN_UNUSED_RESULT Maybe<bool> Set(Local<Context> context, uint32_t index,
      |                                     ^~~
/home/sakchai/.cache/node-gyp/22.18.0/include/node/v8-object.h:243:37: note:   candidate expects 3 arguments, 2 provided
../../nan/nan.h: In member function ‘void Nan::AsyncWorker::SaveToPersistent(const v8::Local<v8::String>&, const v8::Local<v8::Value>&)’:
../../nan/nan.h:1494:31: error: no matching function for call to ‘v8::Object::Set(const v8::Local<v8::String>&, const v8::Local<v8::Value>&)’
 1494 |     New(persistentHandle)->Set(key, value);
      |     ~~~~~~~~~~~~~~~~~~~~~~~~~~^~~~~~~~~~~~
/home/sakchai/.cache/node-gyp/22.18.0/include/node/v8-object.h:240:37: note: candidate: ‘v8::Maybe<bool> v8::Object::Set(v8::Local<v8::Context>, v8::Local<v8::Value>, v8::Local<v8::Value>)’
  240 |   V8_WARN_UNUSED_RESULT Maybe<bool> Set(Local<Context> context,
      |                                     ^~~
/home/sakchai/.cache/node-gyp/22.18.0/include/node/v8-object.h:240:37: note:   candidate expects 3 arguments, 2 provided
/home/sakchai/.cache/node-gyp/22.18.0/include/node/v8-object.h:243:37: note: candidate: ‘v8::Maybe<bool> v8::Object::Set(v8::Local<v8::Context>, uint32_t, v8::Local<v8::Value>)’
  243 |   V8_WARN_UNUSED_RESULT Maybe<bool> Set(Local<Context> context, uint32_t index,
      |                                     ^~~
/home/sakchai/.cache/node-gyp/22.18.0/include/node/v8-object.h:243:37: note:   candidate expects 3 arguments, 2 provided
../../nan/nan.h: In member function ‘void Nan::AsyncWorker::SaveToPersistent(uint32_t, const v8::Local<v8::Value>&)’:
../../nan/nan.h:1500:31: error: no matching function for call to ‘v8::Object::Set(uint32_t&, const v8::Local<v8::Value>&)’
 1500 |     New(persistentHandle)->Set(index, value);
      |     ~~~~~~~~~~~~~~~~~~~~~~~~~~^~~~~~~~~~~~~~
/home/sakchai/.cache/node-gyp/22.18.0/include/node/v8-object.h:240:37: note: candidate: ‘v8::Maybe<bool> v8::Object::Set(v8::Local<v8::Context>, v8::Local<v8::Value>, v8::Local<v8::Value>)’
  240 |   V8_WARN_UNUSED_RESULT Maybe<bool> Set(Local<Context> context,
      |                                     ^~~
/home/sakchai/.cache/node-gyp/22.18.0/include/node/v8-object.h:240:37: note:   candidate expects 3 arguments, 2 provided
/home/sakchai/.cache/node-gyp/22.18.0/include/node/v8-object.h:243:37: note: candidate: ‘v8::Maybe<bool> v8::Object::Set(v8::Local<v8::Context>, uint32_t, v8::Local<v8::Value>)’
  243 |   V8_WARN_UNUSED_RESULT Maybe<bool> Set(Local<Context> context, uint32_t index,
      |                                     ^~~
/home/sakchai/.cache/node-gyp/22.18.0/include/node/v8-object.h:243:37: note:   candidate expects 3 arguments, 2 provided
../../nan/nan.h: In member function ‘v8::Local<v8::Value> Nan::AsyncWorker::GetFromPersistent(const char*) const’:
../../nan/nan.h:1506:35: error: no matching function for call to ‘v8::Object::Get(v8::Local<v8::String>)’
 1506 |         New(persistentHandle)->Get(New(key).ToLocalChecked()));
      |         ~~~~~~~~~~~~~~~~~~~~~~~~~~^~~~~~~~~~~~~~~~~~~~~~~~~~~
/home/sakchai/.cache/node-gyp/22.18.0/include/node/v8-object.h:295:43: note: candidate: ‘v8::MaybeLocal<v8::Value> v8::Object::Get(v8::Local<v8::Context>, v8::Local<v8::Value>)’
  295 |   V8_WARN_UNUSED_RESULT MaybeLocal<Value> Get(Local<Context> context,
      |                                           ^~~
/home/sakchai/.cache/node-gyp/22.18.0/include/node/v8-object.h:295:43: note:   candidate expects 2 arguments, 1 provided
/home/sakchai/.cache/node-gyp/22.18.0/include/node/v8-object.h:298:43: note: candidate: ‘v8::MaybeLocal<v8::Value> v8::Object::Get(v8::Local<v8::Context>, uint32_t)’
  298 |   V8_WARN_UNUSED_RESULT MaybeLocal<Value> Get(Local<Context> context,
      |                                           ^~~
/home/sakchai/.cache/node-gyp/22.18.0/include/node/v8-object.h:298:43: note:   candidate expects 2 arguments, 1 provided
../../nan/nan.h: In member function ‘v8::Local<v8::Value> Nan::AsyncWorker::GetFromPersistent(const v8::Local<v8::String>&) const’:
../../nan/nan.h:1512:51: error: no matching function for call to ‘v8::Object::Get(const v8::Local<v8::String>&)’
 1512 |     return scope.Escape(New(persistentHandle)->Get(key));
      |                         ~~~~~~~~~~~~~~~~~~~~~~~~~~^~~~~
/home/sakchai/.cache/node-gyp/22.18.0/include/node/v8-object.h:295:43: note: candidate: ‘v8::MaybeLocal<v8::Value> v8::Object::Get(v8::Local<v8::Context>, v8::Local<v8::Value>)’
  295 |   V8_WARN_UNUSED_RESULT MaybeLocal<Value> Get(Local<Context> context,
      |                                           ^~~
/home/sakchai/.cache/node-gyp/22.18.0/include/node/v8-object.h:295:43: note:   candidate expects 2 arguments, 1 provided
/home/sakchai/.cache/node-gyp/22.18.0/include/node/v8-object.h:298:43: note: candidate: ‘v8::MaybeLocal<v8::Value> v8::Object::Get(v8::Local<v8::Context>, uint32_t)’
  298 |   V8_WARN_UNUSED_RESULT MaybeLocal<Value> Get(Local<Context> context,
      |                                           ^~~
/home/sakchai/.cache/node-gyp/22.18.0/include/node/v8-object.h:298:43: note:   candidate expects 2 arguments, 1 provided
../../nan/nan.h: In member function ‘v8::Local<v8::Value> Nan::AsyncWorker::GetFromPersistent(uint32_t) const’:
../../nan/nan.h:1517:51: error: no matching function for call to ‘v8::Object::Get(uint32_t&)’
 1517 |     return scope.Escape(New(persistentHandle)->Get(index));
      |                         ~~~~~~~~~~~~~~~~~~~~~~~~~~^~~~~~~
/home/sakchai/.cache/node-gyp/22.18.0/include/node/v8-object.h:295:43: note: candidate: ‘v8::MaybeLocal<v8::Value> v8::Object::Get(v8::Local<v8::Context>, v8::Local<v8::Value>)’
  295 |   V8_WARN_UNUSED_RESULT MaybeLocal<Value> Get(Local<Context> context,
      |                                           ^~~
/home/sakchai/.cache/node-gyp/22.18.0/include/node/v8-object.h:295:43: note:   candidate expects 2 arguments, 1 provided
/home/sakchai/.cache/node-gyp/22.18.0/include/node/v8-object.h:298:43: note: candidate: ‘v8::MaybeLocal<v8::Value> v8::Object::Get(v8::Local<v8::Context>, uint32_t)’
  298 |   V8_WARN_UNUSED_RESULT MaybeLocal<Value> Get(Local<Context> context,
      |                                           ^~~
/home/sakchai/.cache/node-gyp/22.18.0/include/node/v8-object.h:298:43: note:   candidate expects 2 arguments, 1 provided
../../nan/nan.h: In function ‘void Nan::AsyncQueueWorker(AsyncWorker*)’:
../../nan/nan.h:1679:7: warning: cast between incompatible function types from ‘void (*)(uv_work_t*)’ {aka ‘void (*)(uv_work_s*)’} to ‘uv_after_work_cb’ {aka ‘void (*)(uv_work_s*, int)’} [-Wcast-function-type]
 1679 |     , (uv_after_work_cb)AsyncExecuteComplete
      |       ^~~~~~~~~~~~~~~~~~~~~~~~~~~~~~~~~~~~~~
../../nan/nan.h: In function ‘void Nan::SetAccessor(v8::Local<v8::ObjectTemplate>, v8::Local<v8::String>, GetterCallback, SetterCallback, v8::Local<v8::Value>, v8::AccessControl, v8::PropertyAttribute, imp::Sig)’:
../../nan/nan.h:1884:19: error: no matching function for call to ‘v8::ObjectTemplate::SetAccessor(v8::Local<v8::String>&, void (*&)(v8::Local<v8::Name>, const v8::PropertyCallbackInfo<v8::Value>&), void (*&)(v8::Local<v8::Name>, v8::Local<v8::Value>, const v8::PropertyCallbackInfo<void>&), v8::Local<v8::Object>&, v8::AccessControl&, v8::PropertyAttribute&, Nan::imp::Sig&)’
 1884 |   tpl->SetAccessor(
      |   ~~~~~~~~~~~~~~~~^
 1885 |       name
      |       ~~~~         
 1886 |     , getter_
      |     ~~~~~~~~~      
 1887 |     , setter_
      |     ~~~~~~~~~      
 1888 |     , obj
      |     ~~~~~          
 1889 |     , settings
      |     ~~~~~~~~~~     
 1890 |     , attribute
      |     ~~~~~~~~~~~    
 1891 |     , signature);
      |     ~~~~~~~~~~~~   
In file included from /home/sakchai/.cache/node-gyp/22.18.0/include/node/v8-function.h:15:
/home/sakchai/.cache/node-gyp/22.18.0/include/node/v8-template.h:1049:8: note: candidate: ‘void v8::ObjectTemplate::SetAccessor(v8::Local<v8::String>, v8::AccessorGetterCallback, v8::AccessorSetterCallback, v8::Local<v8::Value>, v8::PropertyAttribute, v8::SideEffectType, v8::SideEffectType)’
 1049 |   void SetAccessor(
      |        ^~~~~~~~~~~
/home/sakchai/.cache/node-gyp/22.18.0/include/node/v8-template.h:1052:61: note:   no known conversion for argument 5 from ‘v8::AccessControl’ to ‘v8::PropertyAttribute’
 1052 |       Local<Value> data = Local<Value>(), PropertyAttribute attribute = None,
      |                                           ~~~~~~~~~~~~~~~~~~^~~~~~~~~~~~~~~~
/home/sakchai/.cache/node-gyp/22.18.0/include/node/v8-template.h:1055:8: note: candidate: ‘void v8::ObjectTemplate::SetAccessor(v8::Local<v8::Name>, v8::AccessorNameGetterCallback, v8::AccessorNameSetterCallback, v8::Local<v8::Value>, v8::PropertyAttribute, v8::SideEffectType, v8::SideEffectType)’
 1055 |   void SetAccessor(
      |        ^~~~~~~~~~~
/home/sakchai/.cache/node-gyp/22.18.0/include/node/v8-template.h:1058:61: note:   no known conversion for argument 5 from ‘v8::AccessControl’ to ‘v8::PropertyAttribute’
 1058 |       Local<Value> data = Local<Value>(), PropertyAttribute attribute = None,
      |                                           ~~~~~~~~~~~~~~~~~~^~~~~~~~~~~~~~~~
../../nan/nan.h: In function ‘bool Nan::SetAccessor(v8::Local<v8::Object>, v8::Local<v8::String>, GetterCallback, SetterCallback, v8::Local<v8::Value>, v8::AccessControl, v8::PropertyAttribute)’:
../../nan/nan.h:1929:7: error: cannot convert ‘Nan::imp::NativeGetter’ {aka ‘void (*)(v8::Local<v8::Name>, const v8::PropertyCallbackInfo<v8::Value>&)’} to ‘v8::Local<v8::Name>’
 1929 |     , getter_
      |       ^~~~~~~
      |       |
      |       Nan::imp::NativeGetter {aka void (*)(v8::Local<v8::Name>, const v8::PropertyCallbackInfo<v8::Value>&)}
/home/sakchai/.cache/node-gyp/22.18.0/include/node/v8-object.h:344:43: note:   initializing argument 2 of ‘v8::Maybe<bool> v8::Object::SetAccessor(v8::Local<v8::Context>, v8::Local<v8::Name>, v8::AccessorNameGetterCallback, v8::AccessorNameSetterCallback, v8::MaybeLocal<v8::Value>, v8::AccessControl, v8::PropertyAttribute, v8::SideEffectType, v8::SideEffectType)’
  344 |       Local<Context> context, Local<Name> name,
      |                               ~~~~~~~~~~~~^~~~
In file included from /usr/include/c++/13/cassert:44,
                 from /home/sakchai/.cache/node-gyp/22.18.0/include/node/node_object_wrap.h:26,
                 from ../ext/bson.h:15:
../../nan/nan_object_wrap.h: In destructor ‘virtual Nan::ObjectWrap::~ObjectWrap()’:
../../nan/nan_object_wrap.h:24:25: error: ‘class Nan::Persistent<v8::Object>’ has no member named ‘IsNearDeath’
   24 |     assert(persistent().IsNearDeath());
      |                         ^~~~~~~~~~~
In file included from ../../nan/nan.h:2082:
../../nan/nan_object_wrap.h: In member function ‘void Nan::ObjectWrap::MakeWeak()’:
../../nan/nan_object_wrap.h:67:18: error: ‘class Nan::Persistent<v8::Object>’ has no member named ‘MarkIndependent’
   67 |     persistent().MarkIndependent();
      |                  ^~~~~~~~~~~~~~~
../../nan/nan_object_wrap.h: In static member function ‘static void Nan::ObjectWrap::WeakCallback(const v8::WeakCallbackInfo<Nan::ObjectWrap>&)’:
../../nan/nan_object_wrap.h:124:26: error: ‘class Nan::Persistent<v8::Object>’ has no member named ‘IsNearDeath’
  124 |     assert(wrap->handle_.IsNearDeath());
      |                          ^~~~~~~~~~~
../ext/bson.h: In member function ‘void CountStream::WriteLengthPrefixedString(const v8::Local<v8::String>&)’:
../ext/bson.h:163:101: error: no matching function for call to ‘v8::String::Utf8Length()’
  163 |         void    WriteLengthPrefixedString(const Local<String>& value)   { count += value->Utf8Length()+5; }
      |                                                                                    ~~~~~~~~~~~~~~~~~^~
/home/sakchai/.cache/node-gyp/22.18.0/include/node/v8-primitive.h:143:7: note: candidate: ‘int v8::String::Utf8Length(v8::Isolate*) const’
  143 |   int Utf8Length(Isolate* isolate) const;
      |       ^~~~~~~~~~
/home/sakchai/.cache/node-gyp/22.18.0/include/node/v8-primitive.h:143:7: note:   candidate expects 1 argument, 0 provided
../ext/bson.h: In member function ‘void CountStream::WriteString(const v8::Local<v8::String>&)’:
../ext/bson.h:165:117: error: no matching function for call to ‘v8::String::Utf8Length()’
  165 |         void    WriteString(const Local<String>& value)                                 { count += value->Utf8Length() + 1; }   // This returns the number of bytes exclusive of the NULL terminator
      |                                                                                                    ~~~~~~~~~~~~~~~~~^~
/home/sakchai/.cache/node-gyp/22.18.0/include/node/v8-primitive.h:143:7: note: candidate: ‘int v8::String::Utf8Length(v8::Isolate*) const’
  143 |   int Utf8Length(Isolate* isolate) const;
      |       ^~~~~~~~~~
/home/sakchai/.cache/node-gyp/22.18.0/include/node/v8-primitive.h:143:7: note:   candidate expects 1 argument, 0 provided
../ext/bson.h: In member function ‘void DataStream::WriteByte(const v8::Local<v8::Object>&, const v8::Local<v8::String>&)’:
../ext/bson.h:196:35: error: no matching function for call to ‘v8::Object::Get(const v8::Local<v8::String>&)’
  196 |                 *p++ = object->Get(key)->Int32Value();
      |                        ~~~~~~~~~~~^~~~~
/home/sakchai/.cache/node-gyp/22.18.0/include/node/v8-object.h:295:43: note: candidate: ‘v8::MaybeLocal<v8::Value> v8::Object::Get(v8::Local<v8::Context>, v8::Local<v8::Value>)’
  295 |   V8_WARN_UNUSED_RESULT MaybeLocal<Value> Get(Local<Context> context,
      |                                           ^~~
/home/sakchai/.cache/node-gyp/22.18.0/include/node/v8-object.h:295:43: note:   candidate expects 2 arguments, 1 provided
/home/sakchai/.cache/node-gyp/22.18.0/include/node/v8-object.h:298:43: note: candidate: ‘v8::MaybeLocal<v8::Value> v8::Object::Get(v8::Local<v8::Context>, uint32_t)’
  298 |   V8_WARN_UNUSED_RESULT MaybeLocal<Value> Get(Local<Context> context,
      |                                           ^~~
/home/sakchai/.cache/node-gyp/22.18.0/include/node/v8-object.h:298:43: note:   candidate expects 2 arguments, 1 provided
../ext/bson.h: In member function ‘void DataStream::WriteBool(const v8::Local<v8::Value>&)’:
../ext/bson.h:237:46: error: no matching function for call to ‘v8::Value::BooleanValue()’
  237 |                 WriteByte(value->BooleanValue() ? 1 : 0);
      |                           ~~~~~~~~~~~~~~~~~~~^~
/home/sakchai/.cache/node-gyp/22.18.0/include/node/v8-value.h:437:8: note: candidate: ‘bool v8::Value::BooleanValue(v8::Isolate*) const’
  437 |   bool BooleanValue(Isolate* isolate) const;
      |        ^~~~~~~~~~~~
/home/sakchai/.cache/node-gyp/22.18.0/include/node/v8-value.h:437:8: note:   candidate expects 1 argument, 0 provided
../ext/bson.h: In member function ‘void DataStream::WriteInt32(const v8::Local<v8::Value>&)’:
../ext/bson.h:241:45: error: no matching function for call to ‘v8::Value::Int32Value()’
  241 |                 WriteInt32(value->Int32Value());
      |                            ~~~~~~~~~~~~~~~~~^~
/home/sakchai/.cache/node-gyp/22.18.0/include/node/v8-value.h:448:40: note: candidate: ‘v8::Maybe<int> v8::Value::Int32Value(v8::Local<v8::Context>) const’
  448 |   V8_WARN_UNUSED_RESULT Maybe<int32_t> Int32Value(Local<Context> context) const;
      |                                        ^~~~~~~~~~
/home/sakchai/.cache/node-gyp/22.18.0/include/node/v8-value.h:448:40: note:   candidate expects 1 argument, 0 provided
../ext/bson.h: In member function ‘void DataStream::WriteInt32(const v8::Local<v8::Object>&, const v8::Local<v8::String>&)’:
../ext/bson.h:245:39: error: no matching function for call to ‘v8::Object::Get(const v8::Local<v8::String>&)’
  245 |                 WriteInt32(object->Get(key));
      |                            ~~~~~~~~~~~^~~~~
/home/sakchai/.cache/node-gyp/22.18.0/include/node/v8-object.h:295:43: note: candidate: ‘v8::MaybeLocal<v8::Value> v8::Object::Get(v8::Local<v8::Context>, v8::Local<v8::Value>)’
  295 |   V8_WARN_UNUSED_RESULT MaybeLocal<Value> Get(Local<Context> context,
      |                                           ^~~
/home/sakchai/.cache/node-gyp/22.18.0/include/node/v8-object.h:295:43: note:   candidate expects 2 arguments, 1 provided
/home/sakchai/.cache/node-gyp/22.18.0/include/node/v8-object.h:298:43: note: candidate: ‘v8::MaybeLocal<v8::Value> v8::Object::Get(v8::Local<v8::Context>, uint32_t)’
  298 |   V8_WARN_UNUSED_RESULT MaybeLocal<Value> Get(Local<Context> context,
      |                                           ^~~
/home/sakchai/.cache/node-gyp/22.18.0/include/node/v8-object.h:298:43: note:   candidate expects 2 arguments, 1 provided
../ext/bson.h: In member function ‘void DataStream::WriteInt64(const v8::Local<v8::Value>&)’:
../ext/bson.h:249:47: error: no matching function for call to ‘v8::Value::IntegerValue()’
  249 |                 WriteInt64(value->IntegerValue());
      |                            ~~~~~~~~~~~~~~~~~~~^~
/home/sakchai/.cache/node-gyp/22.18.0/include/node/v8-value.h:442:40: note: candidate: ‘v8::Maybe<long int> v8::Value::IntegerValue(v8::Local<v8::Context>) const’
  442 |   V8_WARN_UNUSED_RESULT Maybe<int64_t> IntegerValue(
      |                                        ^~~~~~~~~~~~
/home/sakchai/.cache/node-gyp/22.18.0/include/node/v8-value.h:442:40: note:   candidate expects 1 argument, 0 provided
../ext/bson.h: In member function ‘void DataStream::WriteDouble(const v8::Local<v8::Value>&)’:
../ext/bson.h:253:47: error: no matching function for call to ‘v8::Value::NumberValue()’
  253 |                 WriteDouble(value->NumberValue());
      |                             ~~~~~~~~~~~~~~~~~~^~
/home/sakchai/.cache/node-gyp/22.18.0/include/node/v8-value.h:440:39: note: candidate: ‘v8::Maybe<double> v8::Value::NumberValue(v8::Local<v8::Context>) const’
  440 |   V8_WARN_UNUSED_RESULT Maybe<double> NumberValue(Local<Context> context) const;
      |                                       ^~~~~~~~~~~
/home/sakchai/.cache/node-gyp/22.18.0/include/node/v8-value.h:440:39: note:   candidate expects 1 argument, 0 provided
../ext/bson.h: In member function ‘void DataStream::WriteDouble(const v8::Local<v8::Object>&, const v8::Local<v8::String>&)’:
../ext/bson.h:257:40: error: no matching function for call to ‘v8::Object::Get(const v8::Local<v8::String>&)’
  257 |                 WriteDouble(object->Get(key));
      |                             ~~~~~~~~~~~^~~~~
/home/sakchai/.cache/node-gyp/22.18.0/include/node/v8-object.h:295:43: note: candidate: ‘v8::MaybeLocal<v8::Value> v8::Object::Get(v8::Local<v8::Context>, v8::Local<v8::Value>)’
  295 |   V8_WARN_UNUSED_RESULT MaybeLocal<Value> Get(Local<Context> context,
      |                                           ^~~
/home/sakchai/.cache/node-gyp/22.18.0/include/node/v8-object.h:295:43: note:   candidate expects 2 arguments, 1 provided
/home/sakchai/.cache/node-gyp/22.18.0/include/node/v8-object.h:298:43: note: candidate: ‘v8::MaybeLocal<v8::Value> v8::Object::Get(v8::Local<v8::Context>, uint32_t)’
  298 |   V8_WARN_UNUSED_RESULT MaybeLocal<Value> Get(Local<Context> context,
      |                                           ^~~
/home/sakchai/.cache/node-gyp/22.18.0/include/node/v8-object.h:298:43: note:   candidate expects 2 arguments, 1 provided
../ext/bson.h: In member function ‘void DataStream::WriteLengthPrefixedString(const v8::Local<v8::String>&)’:
../ext/bson.h:265:51: error: no matching function for call to ‘v8::String::Utf8Length()’
  265 |                 int32_t length = value->Utf8Length()+1;
      |                                  ~~~~~~~~~~~~~~~~~^~
/home/sakchai/.cache/node-gyp/22.18.0/include/node/v8-primitive.h:143:7: note: candidate: ‘int v8::String::Utf8Length(v8::Isolate*) const’
  143 |   int Utf8Length(Isolate* isolate) const;
      |       ^~~~~~~~~~
/home/sakchai/.cache/node-gyp/22.18.0/include/node/v8-primitive.h:143:7: note:   candidate expects 1 argument, 0 provided
../ext/bson.h: In member function ‘void DataStream::WriteString(const v8::Local<v8::String>&)’:
../ext/bson.h:275:38: error: no matching function for call to ‘v8::String::WriteUtf8(char*&)’
  275 |                 p += value->WriteUtf8(p);
      |                      ~~~~~~~~~~~~~~~~^~~
/home/sakchai/.cache/node-gyp/22.18.0/include/node/v8-primitive.h:203:7: note: candidate: ‘int v8::String::WriteUtf8(v8::Isolate*, char*, int, int*, int) const’
  203 |   int WriteUtf8(Isolate* isolate, char* buffer, int length = -1,
      |       ^~~~~~~~~
/home/sakchai/.cache/node-gyp/22.18.0/include/node/v8-primitive.h:203:7: note:   candidate expects 5 arguments, 1 provided
../ext/bson.cc: In member function ‘void DataStream::WriteObjectId(const v8::Local<v8::Object>&, const v8::Local<v8::String>&)’:
../ext/bson.cc:87:38: error: no matching function for call to ‘v8::Value::ToString()’
   87 |         NanGet(object, key)->ToString()->Write(buffer, 0, 12);
/home/sakchai/.cache/node-gyp/22.18.0/include/node/v8-value.h:389:44: note: candidate: ‘v8::MaybeLocal<v8::String> v8::Value::ToString(v8::Local<v8::Context>) const’
  389 |   V8_WARN_UNUSED_RESULT MaybeLocal<String> ToString(
      |                                            ^~~~~~~~
/home/sakchai/.cache/node-gyp/22.18.0/include/node/v8-value.h:389:44: note:   candidate expects 1 argument, 0 provided
../ext/bson.cc: In member function ‘void DataStream::CheckKey(const v8::Local<v8::String>&)’:
../ext/bson.cc:107:47: error: no matching function for call to ‘v8::String::Utf8Length()’
  107 |         size_t keyLength = keyName->Utf8Length();
      |                            ~~~~~~~~~~~~~~~~~~~^~
/home/sakchai/.cache/node-gyp/22.18.0/include/node/v8-primitive.h:143:7: note: candidate: ‘int v8::String::Utf8Length(v8::Isolate*) const’
  143 |   int Utf8Length(Isolate* isolate) const;
      |       ^~~~~~~~~~
/home/sakchai/.cache/node-gyp/22.18.0/include/node/v8-primitive.h:143:7: note:   candidate expects 1 argument, 0 provided
../ext/bson.cc:113:27: error: no matching function for call to ‘v8::String::WriteUtf8(char*&)’
  113 |         keyName->WriteUtf8(keyStringBuffer);
      |         ~~~~~~~~~~~~~~~~~~^~~~~~~~~~~~~~~~~
/home/sakchai/.cache/node-gyp/22.18.0/include/node/v8-primitive.h:203:7: note: candidate: ‘int v8::String::WriteUtf8(v8::Isolate*, char*, int, int*, int) const’
  203 |   int WriteUtf8(Isolate* isolate, char* buffer, int length = -1,
      |       ^~~~~~~~~
/home/sakchai/.cache/node-gyp/22.18.0/include/node/v8-primitive.h:203:7: note:   candidate expects 5 arguments, 1 provided
../ext/bson.cc: In member function ‘void BSONSerializer<T>::SerializeDocument(const v8::Local<v8::Value>&)’:
../ext/bson.cc:139:62: error: no matching function for call to ‘v8::Object::GetPropertyNames()’
  139 |         Local<Array> propertyNames = object->GetPropertyNames();
      |                                      ~~~~~~~~~~~~~~~~~~~~~~~~^~
/home/sakchai/.cache/node-gyp/22.18.0/include/node/v8-object.h:402:43: note: candidate: ‘v8::MaybeLocal<v8::Array> v8::Object::GetPropertyNames(v8::Local<v8::Context>)’
  402 |   V8_WARN_UNUSED_RESULT MaybeLocal<Array> GetPropertyNames(
      |                                           ^~~~~~~~~~~~~~~~
/home/sakchai/.cache/node-gyp/22.18.0/include/node/v8-object.h:402:43: note:   candidate expects 1 argument, 0 provided
/home/sakchai/.cache/node-gyp/22.18.0/include/node/v8-object.h:404:43: note: candidate: ‘v8::MaybeLocal<v8::Array> v8::Object::GetPropertyNames(v8::Local<v8::Context>, v8::KeyCollectionMode, v8::PropertyFilter, v8::IndexFilter, v8::KeyConversionMode)’
  404 |   V8_WARN_UNUSED_RESULT MaybeLocal<Array> GetPropertyNames(
      |                                           ^~~~~~~~~~~~~~~~
/home/sakchai/.cache/node-gyp/22.18.0/include/node/v8-object.h:404:43: note:   candidate expects 5 arguments, 0 provided
../ext/bson.cc:145:87: error: no matching function for call to ‘v8::Value::ToString()’
  145 |                 const Local<String>& propertyName = NanGet(propertyNames, i)->ToString();
/home/sakchai/.cache/node-gyp/22.18.0/include/node/v8-value.h:389:44: note: candidate: ‘v8::MaybeLocal<v8::String> v8::Value::ToString(v8::Local<v8::Context>) const’
  389 |   V8_WARN_UNUSED_RESULT MaybeLocal<String> ToString(
      |                                            ^~~~~~~~
/home/sakchai/.cache/node-gyp/22.18.0/include/node/v8-value.h:389:44: note:   candidate expects 1 argument, 0 provided
../ext/bson.cc: In member function ‘void BSONSerializer<T>::SerializeArray(const v8::Local<v8::Value>&)’:
../ext/bson.cc:166:64: error: no matching function for call to ‘v8::Value::ToObject()’
  166 |         Local<Array> array = Local<Array>::Cast(value->ToObject());
      |                                                 ~~~~~~~~~~~~~~~^~
/home/sakchai/.cache/node-gyp/22.18.0/include/node/v8-value.h:401:44: note: candidate: ‘v8::MaybeLocal<v8::Object> v8::Value::ToObject(v8::Local<v8::Context>) const’
  401 |   V8_WARN_UNUSED_RESULT MaybeLocal<Object> ToObject(
      |                                            ^~~~~~~~
/home/sakchai/.cache/node-gyp/22.18.0/include/node/v8-value.h:401:44: note:   candidate expects 1 argument, 0 provided
../ext/bson.cc: In member function ‘void BSONSerializer<T>::SerializeValue(void*, v8::Local<v8::Value>, bool)’:
../ext/bson.cc:189:55: error: no matching function for call to ‘v8::Value::ToObject()’
  189 |                 Local<Object> object = value->ToObject();
      |                                        ~~~~~~~~~~~~~~~^~
/home/sakchai/.cache/node-gyp/22.18.0/include/node/v8-value.h:401:44: note: candidate: ‘v8::MaybeLocal<v8::Object> v8::Value::ToObject(v8::Local<v8::Context>) const’
  401 |   V8_WARN_UNUSED_RESULT MaybeLocal<Object> ToObject(
      |                                            ^~~~~~~~
/home/sakchai/.cache/node-gyp/22.18.0/include/node/v8-value.h:401:44: note:   candidate expects 1 argument, 0 provided
../ext/bson.cc:194:68: error: no matching function for call to ‘v8::Function::Call(v8::Local<v8::Object>&, int, NULL)’
  194 |                         value = Local<Function>::Cast(toBSON)->Call(object, 0, NULL);
      |                                 ~~~~~~~~~~~~~~~~~~~~~~~~~~~~~~~~~~~^~~~~~~~~~~~~~~~~
/home/sakchai/.cache/node-gyp/22.18.0/include/node/v8-function.h:55:43: note: candidate: ‘v8::MaybeLocal<v8::Value> v8::Function::Call(v8::Local<v8::Context>, v8::Local<v8::Value>, int, v8::Local<v8::Value>*)’
   55 |   V8_WARN_UNUSED_RESULT MaybeLocal<Value> Call(Local<Context> context,
      |                                           ^~~~
/home/sakchai/.cache/node-gyp/22.18.0/include/node/v8-function.h:55:43: note:   candidate expects 4 arguments, 3 provided
../ext/bson.cc:201:56: error: no matching function for call to ‘v8::Value::NumberValue()’
  201 |                 double doubleValue = value->NumberValue();
      |                                      ~~~~~~~~~~~~~~~~~~^~
/home/sakchai/.cache/node-gyp/22.18.0/include/node/v8-value.h:440:39: note: candidate: ‘v8::Maybe<double> v8::Value::NumberValue(v8::Local<v8::Context>) const’
  440 |   V8_WARN_UNUSED_RESULT Maybe<double> NumberValue(Local<Context> context) const;
      |                                       ^~~~~~~~~~~
/home/sakchai/.cache/node-gyp/22.18.0/include/node/v8-value.h:440:39: note:   candidate expects 1 argument, 0 provided
../ext/bson.cc:217:64: error: no matching function for call to ‘v8::Value::ToString()’
  217 |                 this->WriteLengthPrefixedString(value->ToString());
      |                                                 ~~~~~~~~~~~~~~~^~
/home/sakchai/.cache/node-gyp/22.18.0/include/node/v8-value.h:389:44: note: candidate: ‘v8::MaybeLocal<v8::String> v8::Value::ToString(v8::Local<v8::Context>) const’
  389 |   V8_WARN_UNUSED_RESULT MaybeLocal<String> ToString(
      |                                            ^~~~~~~~
/home/sakchai/.cache/node-gyp/22.18.0/include/node/v8-value.h:389:44: note:   candidate expects 1 argument, 0 provided
../ext/bson.cc:250:64: error: no matching function for call to ‘v8::Value::ToString()’
  250 |                 this->WriteLengthPrefixedString(value->ToString());
      |                                                 ~~~~~~~~~~~~~~~^~
/home/sakchai/.cache/node-gyp/22.18.0/include/node/v8-value.h:389:44: note: candidate: ‘v8::MaybeLocal<v8::String> v8::Value::ToString(v8::Local<v8::Context>) const’
  389 |   V8_WARN_UNUSED_RESULT MaybeLocal<String> ToString(
      |                                            ^~~~~~~~
/home/sakchai/.cache/node-gyp/22.18.0/include/node/v8-value.h:389:44: note:   candidate expects 1 argument, 0 provided
../ext/bson.cc:254:62: error: no matching function for call to ‘v8::Value::ToObject()’
  254 |                 const Local<Object>& object = value->ToObject();
      |                                               ~~~~~~~~~~~~~~~^~
/home/sakchai/.cache/node-gyp/22.18.0/include/node/v8-value.h:401:44: note: candidate: ‘v8::MaybeLocal<v8::Object> v8::Value::ToObject(v8::Local<v8::Context>) const’
  401 |   V8_WARN_UNUSED_RESULT MaybeLocal<Object> ToObject(
      |                                            ^~~~~~~~
/home/sakchai/.cache/node-gyp/22.18.0/include/node/v8-value.h:401:44: note:   candidate expects 1 argument, 0 provided
../ext/bson.cc:257:114: error: no matching function for call to ‘v8::Value::ToString()’
  257 |                         const Local<String>& constructorString = NanGet(object, BSONTYPE_PROPERTY_NAME)->ToString();
/home/sakchai/.cache/node-gyp/22.18.0/include/node/v8-value.h:389:44: note: candidate: ‘v8::MaybeLocal<v8::String> v8::Value::ToString(v8::Local<v8::Context>) const’
  389 |   V8_WARN_UNUSED_RESULT MaybeLocal<String> ToString(
      |                                            ^~~~~~~~
/home/sakchai/.cache/node-gyp/22.18.0/include/node/v8-value.h:389:44: note:   candidate expects 1 argument, 0 provided
../ext/bson.cc:279:109: error: no matching function for call to ‘v8::Value::Uint32Value()’
  279 |                                 uint32_t length = NanGet(object, BINARY_POSITION_PROPERTY_NAME)->Uint32Value();
/home/sakchai/.cache/node-gyp/22.18.0/include/node/v8-value.h:445:41: note: candidate: ‘v8::Maybe<unsigned int> v8::Value::Uint32Value(v8::Local<v8::Context>) const’
  445 |   V8_WARN_UNUSED_RESULT Maybe<uint32_t> Uint32Value(
      |                                         ^~~~~~~~~~~
/home/sakchai/.cache/node-gyp/22.18.0/include/node/v8-value.h:445:41: note:   candidate expects 1 argument, 0 provided
../ext/bson.cc:280:112: error: no matching function for call to ‘v8::Value::ToObject()’
  280 |                                 Local<Object> bufferObj = NanGet(object, BINARY_BUFFER_PROPERTY_NAME)->ToObject();
/home/sakchai/.cache/node-gyp/22.18.0/include/node/v8-value.h:401:44: note: candidate: ‘v8::MaybeLocal<v8::Object> v8::Value::ToObject(v8::Local<v8::Context>) const’
  401 |   V8_WARN_UNUSED_RESULT MaybeLocal<Object> ToObject(
      |                                            ^~~~~~~~
/home/sakchai/.cache/node-gyp/22.18.0/include/node/v8-value.h:401:44: note:   candidate expects 1 argument, 0 provided
../ext/bson.cc:285:92: error: no matching function for call to ‘v8::Value::Int32Value()’
  285 |                                 if(NanGet(object, BINARY_SUBTYPE_PROPERTY_NAME)->Int32Value() == 0x02) {
/home/sakchai/.cache/node-gyp/22.18.0/include/node/v8-value.h:448:40: note: candidate: ‘v8::Maybe<int> v8::Value::Int32Value(v8::Local<v8::Context>) const’
  448 |   V8_WARN_UNUSED_RESULT Maybe<int32_t> Int32Value(Local<Context> context) const;
      |                                        ^~~~~~~~~~
/home/sakchai/.cache/node-gyp/22.18.0/include/node/v8-value.h:448:40: note:   candidate expects 1 argument, 0 provided
../ext/bson.cc:299:117: error: no matching function for call to ‘v8::Value::ToString()’
  299 |                                 this->WriteLengthPrefixedString(NanGet(object, SYMBOL_VALUE_PROPERTY_NAME)->ToString());
/home/sakchai/.cache/node-gyp/22.18.0/include/node/v8-value.h:389:44: note: candidate: ‘v8::MaybeLocal<v8::String> v8::Value::ToString(v8::Local<v8::Context>) const’
  389 |   V8_WARN_UNUSED_RESULT MaybeLocal<String> ToString(
      |                                            ^~~~~~~~
/home/sakchai/.cache/node-gyp/22.18.0/include/node/v8-value.h:389:44: note:   candidate expects 1 argument, 0 provided
../ext/bson.cc:303:114: error: no matching function for call to ‘v8::Value::ToString()’
  303 |                                 const Local<String>& function = NanGet(object, CODE_CODE_PROPERTY_NAME)->ToString();
/home/sakchai/.cache/node-gyp/22.18.0/include/node/v8-value.h:389:44: note: candidate: ‘v8::MaybeLocal<v8::String> v8::Value::ToString(v8::Local<v8::Context>) const’
  389 |   V8_WARN_UNUSED_RESULT MaybeLocal<String> ToString(
      |                                            ^~~~~~~~
/home/sakchai/.cache/node-gyp/22.18.0/include/node/v8-value.h:389:44: note:   candidate expects 1 argument, 0 provided
../ext/bson.cc:304:112: error: no matching function for call to ‘v8::Value::ToObject()’
  304 |                                 const Local<Object>& scope = NanGet(object, CODE_SCOPE_PROPERTY_NAME)->ToObject();
/home/sakchai/.cache/node-gyp/22.18.0/include/node/v8-value.h:401:44: note: candidate: ‘v8::MaybeLocal<v8::Object> v8::Value::ToObject(v8::Local<v8::Context>) const’
  401 |   V8_WARN_UNUSED_RESULT MaybeLocal<Object> ToObject(
      |                                            ^~~~~~~~
/home/sakchai/.cache/node-gyp/22.18.0/include/node/v8-value.h:401:44: note:   candidate expects 1 argument, 0 provided
../ext/bson.cc:310:73: error: no matching function for call to ‘v8::Object::GetOwnPropertyNames()’
  310 |                 uint32_t propertyNameLength = scope->GetOwnPropertyNames()->Length();
      |                                               ~~~~~~~~~~~~~~~~~~~~~~~~~~^~
/home/sakchai/.cache/node-gyp/22.18.0/include/node/v8-object.h:414:43: note: candidate: ‘v8::MaybeLocal<v8::Array> v8::Object::GetOwnPropertyNames(v8::Local<v8::Context>)’
  414 |   V8_WARN_UNUSED_RESULT MaybeLocal<Array> GetOwnPropertyNames(
      |                                           ^~~~~~~~~~~~~~~~~~~
/home/sakchai/.cache/node-gyp/22.18.0/include/node/v8-object.h:414:43: note:   candidate expects 1 argument, 0 provided
/home/sakchai/.cache/node-gyp/22.18.0/include/node/v8-object.h:423:43: note: candidate: ‘v8::MaybeLocal<v8::Array> v8::Object::GetOwnPropertyNames(v8::Local<v8::Context>, v8::PropertyFilter, v8::KeyConversionMode)’
  423 |   V8_WARN_UNUSED_RESULT MaybeLocal<Array> GetOwnPropertyNames(
      |                                           ^~~~~~~~~~~~~~~~~~~
/home/sakchai/.cache/node-gyp/22.18.0/include/node/v8-object.h:423:43: note:   candidate expects 3 arguments, 0 provided
../ext/bson.cc:317:91: error: no matching function for call to ‘v8::String::ToString()’
  317 |                                         this->WriteLengthPrefixedString(function->ToString());
      |                                                                         ~~~~~~~~~~~~~~~~~~^~
/home/sakchai/.cache/node-gyp/22.18.0/include/node/v8-value.h:389:44: note: candidate: ‘v8::MaybeLocal<v8::String> v8::Value::ToString(v8::Local<v8::Context>) const’
  389 |   V8_WARN_UNUSED_RESULT MaybeLocal<String> ToString(
      |                                            ^~~~~~~~
/home/sakchai/.cache/node-gyp/22.18.0/include/node/v8-value.h:389:44: note:   candidate expects 1 argument, 0 provided
../ext/bson.cc:324:91: error: no matching function for call to ‘v8::String::ToString()’
  324 |                                         this->WriteLengthPrefixedString(function->ToString());
      |                                                                         ~~~~~~~~~~~~~~~~~~^~
/home/sakchai/.cache/node-gyp/22.18.0/include/node/v8-value.h:389:44: note: candidate: ‘v8::MaybeLocal<v8::String> v8::Value::ToString(v8::Local<v8::Context>) const’
  389 |   V8_WARN_UNUSED_RESULT MaybeLocal<String> ToString(
      |                                            ^~~~~~~~
/home/sakchai/.cache/node-gyp/22.18.0/include/node/v8-value.h:389:44: note:   candidate expects 1 argument, 0 provided
../ext/bson.cc:369:80: error: no matching function for call to ‘v8::Value::ToObject()’
  369 |                          uint32_t length = node::Buffer::Length(value->ToObject());
      |                                                                 ~~~~~~~~~~~~~~~^~
/home/sakchai/.cache/node-gyp/22.18.0/include/node/v8-value.h:401:44: note: candidate: ‘v8::MaybeLocal<v8::Object> v8::Value::ToObject(v8::Local<v8::Context>) const’
  401 |   V8_WARN_UNUSED_RESULT MaybeLocal<Object> ToObject(
      |                                            ^~~~~~~~
/home/sakchai/.cache/node-gyp/22.18.0/include/node/v8-value.h:401:44: note:   candidate expects 1 argument, 0 provided
../ext/bson.cc:374:75: error: no matching function for call to ‘v8::Value::ToObject()’
  374 |                         this->WriteData(node::Buffer::Data(value->ToObject()), length);
      |                                                            ~~~~~~~~~~~~~~~^~
/home/sakchai/.cache/node-gyp/22.18.0/include/node/v8-value.h:401:44: note: candidate: ‘v8::MaybeLocal<v8::Object> v8::Value::ToObject(v8::Local<v8::Context>) const’
  401 |   V8_WARN_UNUSED_RESULT MaybeLocal<Object> ToObject(
      |                                            ^~~~~~~~
/home/sakchai/.cache/node-gyp/22.18.0/include/node/v8-value.h:401:44: note:   candidate expects 1 argument, 0 provided
../ext/bson.cc: In member function ‘v8::Local<v8::Value> BSONDeserializer::DeserializeDocumentInternal(bool)’:
../ext/bson.cc:478:31: error: ‘class v8::Object’ has no member named ‘ForceSet’
  478 |                 returnObject->ForceSet(name, value);
      |                               ^~~~~~~~
../ext/bson.cc:487:69: error: no matching function for call to ‘v8::Function::NewInstance(int, v8::Local<v8::Value> [3])’
  487 |                 return Nan::New(bson->dbrefConstructor)->NewInstance(3, argv);
      |                        ~~~~~~~~~~~~~~~~~~~~~~~~~~~~~~~~~~~~~~~~~~~~~^~~~~~~~~
/home/sakchai/.cache/node-gyp/22.18.0/include/node/v8-function.h:38:44: note: candidate: ‘v8::MaybeLocal<v8::Object> v8::Function::NewInstance(v8::Local<v8::Context>, int, v8::Local<v8::Value>*) const’
   38 |   V8_WARN_UNUSED_RESULT MaybeLocal<Object> NewInstance(
      |                                            ^~~~~~~~~~~
/home/sakchai/.cache/node-gyp/22.18.0/include/node/v8-function.h:38:44: note:   candidate expects 3 arguments, 2 provided
/home/sakchai/.cache/node-gyp/22.18.0/include/node/v8-function.h:41:44: note: candidate: ‘v8::MaybeLocal<v8::Object> v8::Function::NewInstance(v8::Local<v8::Context>) const’
   41 |   V8_WARN_UNUSED_RESULT MaybeLocal<Object> NewInstance(
      |                                            ^~~~~~~~~~~
/home/sakchai/.cache/node-gyp/22.18.0/include/node/v8-function.h:41:44: note:   candidate expects 1 argument, 2 provided
../ext/bson.cc: In member function ‘v8::Local<v8::Value> BSONDeserializer::DeserializeArrayInternal(bool)’:
../ext/bson.cc:508:33: error: no matching function for call to ‘v8::Array::Set(uint32_t&, const v8::Local<v8::Value>&)’
  508 |                 returnArray->Set(index, value);
      |                 ~~~~~~~~~~~~~~~~^~~~~~~~~~~~~~
/home/sakchai/.cache/node-gyp/22.18.0/include/node/v8-object.h:240:37: note: candidate: ‘v8::Maybe<bool> v8::Object::Set(v8::Local<v8::Context>, v8::Local<v8::Value>, v8::Local<v8::Value>)’
  240 |   V8_WARN_UNUSED_RESULT Maybe<bool> Set(Local<Context> context,
      |                                     ^~~
/home/sakchai/.cache/node-gyp/22.18.0/include/node/v8-object.h:240:37: note:   candidate expects 3 arguments, 2 provided
/home/sakchai/.cache/node-gyp/22.18.0/include/node/v8-object.h:243:37: note: candidate: ‘v8::Maybe<bool> v8::Object::Set(v8::Local<v8::Context>, uint32_t, v8::Local<v8::Value>)’
  243 |   V8_WARN_UNUSED_RESULT Maybe<bool> Set(Local<Context> context, uint32_t index,
      |                                     ^~~
/home/sakchai/.cache/node-gyp/22.18.0/include/node/v8-object.h:243:37: note:   candidate expects 3 arguments, 2 provided
../ext/bson.cc: In member function ‘v8::Local<v8::Value> BSONDeserializer::DeserializeValue(BsonType, bool)’:
../ext/bson.cc:538:81: error: no matching function for call to ‘v8::Function::NewInstance(int, v8::Local<v8::Value> [2])’
  538 |                         return Nan::New(bson->timestampConstructor)->NewInstance(2, argv);
      |                                ~~~~~~~~~~~~~~~~~~~~~~~~~~~~~~~~~~~~~~~~~~~~~~~~~^~~~~~~~~
/home/sakchai/.cache/node-gyp/22.18.0/include/node/v8-function.h:38:44: note: candidate: ‘v8::MaybeLocal<v8::Object> v8::Function::NewInstance(v8::Local<v8::Context>, int, v8::Local<v8::Value>*) const’
   38 |   V8_WARN_UNUSED_RESULT MaybeLocal<Object> NewInstance(
      |                                            ^~~~~~~~~~~
/home/sakchai/.cache/node-gyp/22.18.0/include/node/v8-function.h:38:44: note:   candidate expects 3 arguments, 2 provided
/home/sakchai/.cache/node-gyp/22.18.0/include/node/v8-function.h:41:44: note: candidate: ‘v8::MaybeLocal<v8::Object> v8::Function::NewInstance(v8::Local<v8::Context>) const’
   41 |   V8_WARN_UNUSED_RESULT MaybeLocal<Object> NewInstance(
      |                                            ^~~~~~~~~~~
/home/sakchai/.cache/node-gyp/22.18.0/include/node/v8-function.h:41:44: note:   candidate expects 1 argument, 2 provided
../ext/bson.cc:548:72: error: no matching function for call to ‘v8::Value::ToString()’
  548 |                         return Unmaybe(Nan::New<RegExp>(regex->ToString(), (RegExp::Flags) options));
      |                                                         ~~~~~~~~~~~~~~~^~
/home/sakchai/.cache/node-gyp/22.18.0/include/node/v8-value.h:389:44: note: candidate: ‘v8::MaybeLocal<v8::String> v8::Value::ToString(v8::Local<v8::Context>) const’
  389 |   V8_WARN_UNUSED_RESULT MaybeLocal<String> ToString(
      |                                            ^~~~~~~~
/home/sakchai/.cache/node-gyp/22.18.0/include/node/v8-value.h:389:44: note:   candidate expects 1 argument, 0 provided
../ext/bson.cc:555:76: error: no matching function for call to ‘v8::Function::NewInstance(int, v8::Local<v8::Value> [2])’
  555 |                         return Nan::New(bson->codeConstructor)->NewInstance(2, argv);
      |                                ~~~~~~~~~~~~~~~~~~~~~~~~~~~~~~~~~~~~~~~~~~~~^~~~~~~~~
/home/sakchai/.cache/node-gyp/22.18.0/include/node/v8-function.h:38:44: note: candidate: ‘v8::MaybeLocal<v8::Object> v8::Function::NewInstance(v8::Local<v8::Context>, int, v8::Local<v8::Value>*) const’
   38 |   V8_WARN_UNUSED_RESULT MaybeLocal<Object> NewInstance(
      |                                            ^~~~~~~~~~~
/home/sakchai/.cache/node-gyp/22.18.0/include/node/v8-function.h:38:44: note:   candidate expects 3 arguments, 2 provided
/home/sakchai/.cache/node-gyp/22.18.0/include/node/v8-function.h:41:44: note: candidate: ‘v8::MaybeLocal<v8::Object> v8::Function::NewInstance(v8::Local<v8::Context>) const’
   41 |   V8_WARN_UNUSED_RESULT MaybeLocal<Object> NewInstance(
      |                                            ^~~~~~~~~~~
/home/sakchai/.cache/node-gyp/22.18.0/include/node/v8-function.h:41:44: note:   candidate expects 1 argument, 2 provided
../ext/bson.cc:562:70: error: no matching function for call to ‘v8::Value::ToObject()’
  562 |                         Local<Value> argv[] = { code, scope->ToObject() };
      |                                                       ~~~~~~~~~~~~~~~^~
/home/sakchai/.cache/node-gyp/22.18.0/include/node/v8-value.h:401:44: note: candidate: ‘v8::MaybeLocal<v8::Object> v8::Value::ToObject(v8::Local<v8::Context>) const’
  401 |   V8_WARN_UNUSED_RESULT MaybeLocal<Object> ToObject(
      |                                            ^~~~~~~~
/home/sakchai/.cache/node-gyp/22.18.0/include/node/v8-value.h:401:44: note:   candidate expects 1 argument, 0 provided
../ext/bson.cc:563:76: error: no matching function for call to ‘v8::Function::NewInstance(int, v8::Local<v8::Value> [1])’
  563 |                         return Nan::New(bson->codeConstructor)->NewInstance(2, argv);
      |                                ~~~~~~~~~~~~~~~~~~~~~~~~~~~~~~~~~~~~~~~~~~~~^~~~~~~~~
/home/sakchai/.cache/node-gyp/22.18.0/include/node/v8-function.h:38:44: note: candidate: ‘v8::MaybeLocal<v8::Object> v8::Function::NewInstance(v8::Local<v8::Context>, int, v8::Local<v8::Value>*) const’
   38 |   V8_WARN_UNUSED_RESULT MaybeLocal<Object> NewInstance(
      |                                            ^~~~~~~~~~~
/home/sakchai/.cache/node-gyp/22.18.0/include/node/v8-function.h:38:44: note:   candidate expects 3 arguments, 2 provided
/home/sakchai/.cache/node-gyp/22.18.0/include/node/v8-function.h:41:44: note: candidate: ‘v8::MaybeLocal<v8::Object> v8::Function::NewInstance(v8::Local<v8::Context>) const’
   41 |   V8_WARN_UNUSED_RESULT MaybeLocal<Object> NewInstance(
      |                                            ^~~~~~~~~~~
/home/sakchai/.cache/node-gyp/22.18.0/include/node/v8-function.h:41:44: note:   candidate expects 1 argument, 2 provided
../ext/bson.cc:568:80: error: no matching function for call to ‘v8::Function::NewInstance(int, v8::Local<v8::Value> [1])’
  568 |                         return Nan::New(bson->objectIDConstructor)->NewInstance(1, argv);
      |                                ~~~~~~~~~~~~~~~~~~~~~~~~~~~~~~~~~~~~~~~~~~~~~~~~^~~~~~~~~
/home/sakchai/.cache/node-gyp/22.18.0/include/node/v8-function.h:38:44: note: candidate: ‘v8::MaybeLocal<v8::Object> v8::Function::NewInstance(v8::Local<v8::Context>, int, v8::Local<v8::Value>*) const’
   38 |   V8_WARN_UNUSED_RESULT MaybeLocal<Object> NewInstance(
      |                                            ^~~~~~~~~~~
/home/sakchai/.cache/node-gyp/22.18.0/include/node/v8-function.h:38:44: note:   candidate expects 3 arguments, 2 provided
/home/sakchai/.cache/node-gyp/22.18.0/include/node/v8-function.h:41:44: note: candidate: ‘v8::MaybeLocal<v8::Object> v8::Function::NewInstance(v8::Local<v8::Context>) const’
   41 |   V8_WARN_UNUSED_RESULT MaybeLocal<Object> NewInstance(
      |                                            ^~~~~~~~~~~
/home/sakchai/.cache/node-gyp/22.18.0/include/node/v8-function.h:41:44: note:   candidate expects 1 argument, 2 provided
../ext/bson.cc:582:78: error: no matching function for call to ‘v8::Function::NewInstance(int, v8::Local<v8::Value> [2])’
  582 |                         return Nan::New(bson->binaryConstructor)->NewInstance(2, argv);
      |                                ~~~~~~~~~~~~~~~~~~~~~~~~~~~~~~~~~~~~~~~~~~~~~~^~~~~~~~~
/home/sakchai/.cache/node-gyp/22.18.0/include/node/v8-function.h:38:44: note: candidate: ‘v8::MaybeLocal<v8::Object> v8::Function::NewInstance(v8::Local<v8::Context>, int, v8::Local<v8::Value>*) const’
   38 |   V8_WARN_UNUSED_RESULT MaybeLocal<Object> NewInstance(
      |                                            ^~~~~~~~~~~
/home/sakchai/.cache/node-gyp/22.18.0/include/node/v8-function.h:38:44: note:   candidate expects 3 arguments, 2 provided
/home/sakchai/.cache/node-gyp/22.18.0/include/node/v8-function.h:41:44: note: candidate: ‘v8::MaybeLocal<v8::Object> v8::Function::NewInstance(v8::Local<v8::Context>) const’
   41 |   V8_WARN_UNUSED_RESULT MaybeLocal<Object> NewInstance(
      |                                            ^~~~~~~~~~~
/home/sakchai/.cache/node-gyp/22.18.0/include/node/v8-function.h:41:44: note:   candidate expects 1 argument, 2 provided
../ext/bson.cc:604:76: error: no matching function for call to ‘v8::Function::NewInstance(int, v8::Local<v8::Value> [2])’
  604 |                         return Nan::New(bson->longConstructor)->NewInstance(2, argv);
      |                                ~~~~~~~~~~~~~~~~~~~~~~~~~~~~~~~~~~~~~~~~~~~~^~~~~~~~~
/home/sakchai/.cache/node-gyp/22.18.0/include/node/v8-function.h:38:44: note: candidate: ‘v8::MaybeLocal<v8::Object> v8::Function::NewInstance(v8::Local<v8::Context>, int, v8::Local<v8::Value>*) const’
   38 |   V8_WARN_UNUSED_RESULT MaybeLocal<Object> NewInstance(
      |                                            ^~~~~~~~~~~
/home/sakchai/.cache/node-gyp/22.18.0/include/node/v8-function.h:38:44: note:   candidate expects 3 arguments, 2 provided
/home/sakchai/.cache/node-gyp/22.18.0/include/node/v8-function.h:41:44: note: candidate: ‘v8::MaybeLocal<v8::Object> v8::Function::NewInstance(v8::Local<v8::Context>) const’
   41 |   V8_WARN_UNUSED_RESULT MaybeLocal<Object> NewInstance(
      |                                            ^~~~~~~~~~~
/home/sakchai/.cache/node-gyp/22.18.0/include/node/v8-function.h:41:44: note:   candidate expects 1 argument, 2 provided
../ext/bson.cc:619:78: error: no matching function for call to ‘v8::Function::NewInstance(int, v8::Local<v8::Value> [1])’
  619 |                         return Nan::New(bson->symbolConstructor)->NewInstance(1, argv);
      |                                ~~~~~~~~~~~~~~~~~~~~~~~~~~~~~~~~~~~~~~~~~~~~~~^~~~~~~~~
/home/sakchai/.cache/node-gyp/22.18.0/include/node/v8-function.h:38:44: note: candidate: ‘v8::MaybeLocal<v8::Object> v8::Function::NewInstance(v8::Local<v8::Context>, int, v8::Local<v8::Value>*) const’
   38 |   V8_WARN_UNUSED_RESULT MaybeLocal<Object> NewInstance(
      |                                            ^~~~~~~~~~~
/home/sakchai/.cache/node-gyp/22.18.0/include/node/v8-function.h:38:44: note:   candidate expects 3 arguments, 2 provided
/home/sakchai/.cache/node-gyp/22.18.0/include/node/v8-function.h:41:44: note: candidate: ‘v8::MaybeLocal<v8::Object> v8::Function::NewInstance(v8::Local<v8::Context>) const’
   41 |   V8_WARN_UNUSED_RESULT MaybeLocal<Object> NewInstance(
      |                                            ^~~~~~~~~~~
/home/sakchai/.cache/node-gyp/22.18.0/include/node/v8-function.h:41:44: note:   candidate expects 1 argument, 2 provided
../ext/bson.cc:623:70: error: no matching function for call to ‘v8::Function::NewInstance()’
  623 |                 return Nan::New(bson->minKeyConstructor)->NewInstance();
      |                        ~~~~~~~~~~~~~~~~~~~~~~~~~~~~~~~~~~~~~~~~~~~~~~^~
/home/sakchai/.cache/node-gyp/22.18.0/include/node/v8-function.h:38:44: note: candidate: ‘v8::MaybeLocal<v8::Object> v8::Function::NewInstance(v8::Local<v8::Context>, int, v8::Local<v8::Value>*) const’
   38 |   V8_WARN_UNUSED_RESULT MaybeLocal<Object> NewInstance(
      |                                            ^~~~~~~~~~~
/home/sakchai/.cache/node-gyp/22.18.0/include/node/v8-function.h:38:44: note:   candidate expects 3 arguments, 0 provided
/home/sakchai/.cache/node-gyp/22.18.0/include/node/v8-function.h:41:44: note: candidate: ‘v8::MaybeLocal<v8::Object> v8::Function::NewInstance(v8::Local<v8::Context>) const’
   41 |   V8_WARN_UNUSED_RESULT MaybeLocal<Object> NewInstance(
      |                                            ^~~~~~~~~~~
/home/sakchai/.cache/node-gyp/22.18.0/include/node/v8-function.h:41:44: note:   candidate expects 1 argument, 0 provided
../ext/bson.cc:626:70: error: no matching function for call to ‘v8::Function::NewInstance()’
  626 |                 return Nan::New(bson->maxKeyConstructor)->NewInstance();
      |                        ~~~~~~~~~~~~~~~~~~~~~~~~~~~~~~~~~~~~~~~~~~~~~~^~
/home/sakchai/.cache/node-gyp/22.18.0/include/node/v8-function.h:38:44: note: candidate: ‘v8::MaybeLocal<v8::Object> v8::Function::NewInstance(v8::Local<v8::Context>, int, v8::Local<v8::Value>*) const’
   38 |   V8_WARN_UNUSED_RESULT MaybeLocal<Object> NewInstance(
      |                                            ^~~~~~~~~~~
/home/sakchai/.cache/node-gyp/22.18.0/include/node/v8-function.h:38:44: note:   candidate expects 3 arguments, 0 provided
/home/sakchai/.cache/node-gyp/22.18.0/include/node/v8-function.h:41:44: note: candidate: ‘v8::MaybeLocal<v8::Object> v8::Function::NewInstance(v8::Local<v8::Context>) const’
   41 |   V8_WARN_UNUSED_RESULT MaybeLocal<Object> NewInstance(
      |                                            ^~~~~~~~~~~
/home/sakchai/.cache/node-gyp/22.18.0/include/node/v8-function.h:41:44: note:   candidate expects 1 argument, 0 provided
../ext/bson.cc: In static member function ‘static void BSON::Initialize(v8::Local<v8::Object>)’:
../ext/bson.cc:676:17: error: ‘class v8::Object’ has no member named ‘ForceSet’
  676 |         target->ForceSet(NanStr("BSON"), t->GetFunction());
      |                 ^~~~~~~~
../ext/bson.cc:676:56: error: no matching function for call to ‘v8::FunctionTemplate::GetFunction()’
  676 |         target->ForceSet(NanStr("BSON"), t->GetFunction());
      |                                          ~~~~~~~~~~~~~~^~
/home/sakchai/.cache/node-gyp/22.18.0/include/node/v8-template.h:596:46: note: candidate: ‘v8::MaybeLocal<v8::Function> v8::FunctionTemplate::GetFunction(v8::Local<v8::Context>)’
  596 |   V8_WARN_UNUSED_RESULT MaybeLocal<Function> GetFunction(
      |                                              ^~~~~~~~~~~
/home/sakchai/.cache/node-gyp/22.18.0/include/node/v8-template.h:596:46: note:   candidate expects 1 argument, 0 provided
../ext/bson.cc: In static member function ‘static Nan::NAN_METHOD_RETURN_TYPE BSON::New(Nan::NAN_METHOD_ARGS_TYPE)’:
../ext/bson.cc:693:66: error: no matching function for call to ‘v8::Value::ToObject()’
  693 |                         Local<Object> options = info[1]->ToObject();
      |                                                 ~~~~~~~~~~~~~~~~~^~
/home/sakchai/.cache/node-gyp/22.18.0/include/node/v8-value.h:401:44: note: candidate: ‘v8::MaybeLocal<v8::Object> v8::Value::ToObject(v8::Local<v8::Context>) const’
  401 |   V8_WARN_UNUSED_RESULT MaybeLocal<Object> ToObject(
      |                                            ^~~~~~~~
/home/sakchai/.cache/node-gyp/22.18.0/include/node/v8-value.h:401:44: note:   candidate expects 1 argument, 0 provided
../ext/bson.cc:697:97: error: no matching function for call to ‘v8::Value::Int32Value()’
  697 |                                 maxBSONSize = (size_t)NanGet(options, "maxBSONSize")->Int32Value();
/home/sakchai/.cache/node-gyp/22.18.0/include/node/v8-value.h:448:40: note: candidate: ‘v8::Maybe<int> v8::Value::Int32Value(v8::Local<v8::Context>) const’
  448 |   V8_WARN_UNUSED_RESULT Maybe<int32_t> Int32Value(Local<Context> context) const;
      |                                        ^~~~~~~~~~
/home/sakchai/.cache/node-gyp/22.18.0/include/node/v8-value.h:448:40: note:   candidate expects 1 argument, 0 provided
../ext/bson.cc:716:87: error: no matching function for call to ‘v8::Value::ToString()’
  716 |                                 Local<String> functionName = func->GetName()->ToString();
      |                                                              ~~~~~~~~~~~~~~~~~~~~~~~~~^~
/home/sakchai/.cache/node-gyp/22.18.0/include/node/v8-value.h:389:44: note: candidate: ‘v8::MaybeLocal<v8::String> v8::Value::ToString(v8::Local<v8::Context>) const’
  389 |   V8_WARN_UNUSED_RESULT MaybeLocal<String> ToString(
      |                                            ^~~~~~~~
/home/sakchai/.cache/node-gyp/22.18.0/include/node/v8-value.h:389:44: note:   candidate expects 1 argument, 0 provided
../ext/bson.cc: In static member function ‘static Nan::NAN_METHOD_RETURN_TYPE BSON::BSONDeserialize(Nan::NAN_METHOD_ARGS_TYPE)’:
../ext/bson.cc:785:58: error: no matching function for call to ‘v8::Value::ToObject()’
  785 |                 Local<Object> options = info[1]->ToObject();
      |                                         ~~~~~~~~~~~~~~~~~^~
/home/sakchai/.cache/node-gyp/22.18.0/include/node/v8-value.h:401:44: note: candidate: ‘v8::MaybeLocal<v8::Object> v8::Value::ToObject(v8::Local<v8::Context>) const’
  401 |   V8_WARN_UNUSED_RESULT MaybeLocal<Object> ToObject(
      |                                            ^~~~~~~~
/home/sakchai/.cache/node-gyp/22.18.0/include/node/v8-value.h:401:44: note:   candidate expects 1 argument, 0 provided
../ext/bson.cc:788:82: error: no matching function for call to ‘v8::Value::ToBoolean()’
  788 |                         promoteLongs = NanGet(options, "promoteLongs")->ToBoolean()->Value();
/home/sakchai/.cache/node-gyp/22.18.0/include/node/v8-value.h:427:18: note: candidate: ‘v8::Local<v8::Boolean> v8::Value::ToBoolean(v8::Isolate*) const’
  427 |   Local<Boolean> ToBoolean(Isolate* isolate) const;
      |                  ^~~~~~~~~
/home/sakchai/.cache/node-gyp/22.18.0/include/node/v8-value.h:427:18: note:   candidate expects 1 argument, 0 provided
../ext/bson.cc:793:46: error: no matching function for call to ‘v8::Value::ToObject()’
  793 |         Local<Object> obj = info[0]->ToObject();
      |                             ~~~~~~~~~~~~~~~~~^~
/home/sakchai/.cache/node-gyp/22.18.0/include/node/v8-value.h:401:44: note: candidate: ‘v8::MaybeLocal<v8::Object> v8::Value::ToObject(v8::Local<v8::Context>) const’
  401 |   V8_WARN_UNUSED_RESULT MaybeLocal<Object> ToObject(
      |                                            ^~~~~~~~
/home/sakchai/.cache/node-gyp/22.18.0/include/node/v8-value.h:401:44: note:   candidate expects 1 argument, 0 provided
../ext/bson.cc: In member function ‘v8::Local<v8::Object> BSON::GetSerializeObject(const v8::Local<v8::Value>&)’:
../ext/bson.cc:851:50: error: no matching function for call to ‘v8::Value::ToObject()’
  851 |         Local<Object> object = argValue->ToObject();
      |                                ~~~~~~~~~~~~~~~~~~^~
/home/sakchai/.cache/node-gyp/22.18.0/include/node/v8-value.h:401:44: note: candidate: ‘v8::MaybeLocal<v8::Object> v8::Value::ToObject(v8::Local<v8::Context>) const’
  401 |   V8_WARN_UNUSED_RESULT MaybeLocal<Object> ToObject(
      |                                            ^~~~~~~~
/home/sakchai/.cache/node-gyp/22.18.0/include/node/v8-value.h:401:44: note:   candidate expects 1 argument, 0 provided
../ext/bson.cc:857:74: error: no matching function for call to ‘v8::Function::Call(v8::Local<v8::Object>&, int, NULL)’
  857 |                 Local<Value> result = Local<Function>::Cast(toBSON)->Call(object, 0, NULL);
      |                                       ~~~~~~~~~~~~~~~~~~~~~~~~~~~~~~~~~~~^~~~~~~~~~~~~~~~~
/home/sakchai/.cache/node-gyp/22.18.0/include/node/v8-function.h:55:43: note: candidate: ‘v8::MaybeLocal<v8::Value> v8::Function::Call(v8::Local<v8::Context>, v8::Local<v8::Value>, int, v8::Local<v8::Value>*)’
   55 |   V8_WARN_UNUSED_RESULT MaybeLocal<Value> Call(Local<Context> context,
      |                                           ^~~~
/home/sakchai/.cache/node-gyp/22.18.0/include/node/v8-function.h:55:43: note:   candidate expects 4 arguments, 3 provided
../ext/bson.cc:859:40: error: no matching function for call to ‘v8::Value::ToObject()’
  859 |                 return result->ToObject();
      |                        ~~~~~~~~~~~~~~~~^~
/home/sakchai/.cache/node-gyp/22.18.0/include/node/v8-value.h:401:44: note: candidate: ‘v8::MaybeLocal<v8::Object> v8::Value::ToObject(v8::Local<v8::Context>) const’
  401 |   V8_WARN_UNUSED_RESULT MaybeLocal<Object> ToObject(
      |                                            ^~~~~~~~
/home/sakchai/.cache/node-gyp/22.18.0/include/node/v8-value.h:401:44: note:   candidate expects 1 argument, 0 provided
../ext/bson.cc: In static member function ‘static Nan::NAN_METHOD_RETURN_TYPE BSON::BSONSerialize(Nan::NAN_METHOD_ARGS_TYPE)’:
../ext/bson.cc:883:80: error: no matching function for call to ‘v8::Value::BooleanValue()’
  883 |         bool serializeFunctions = (info.Length() >= 4) && info[3]->BooleanValue();
      |                                                           ~~~~~~~~~~~~~~~~~~~~~^~
/home/sakchai/.cache/node-gyp/22.18.0/include/node/v8-value.h:437:8: note: candidate: ‘bool v8::Value::BooleanValue(v8::Isolate*) const’
  437 |   bool BooleanValue(Isolate* isolate) const;
      |        ^~~~~~~~~~~~
/home/sakchai/.cache/node-gyp/22.18.0/include/node/v8-value.h:437:8: note:   candidate expects 1 argument, 0 provided
../ext/bson.cc:896:101: error: no matching function for call to ‘v8::Value::BooleanValue()’
  896 |                 bool checkKeys = info.Length() >= 3 && info[1]->IsBoolean() && info[1]->BooleanValue();
      |                                                                                ~~~~~~~~~~~~~~~~~~~~~^~
/home/sakchai/.cache/node-gyp/22.18.0/include/node/v8-value.h:437:8: note: candidate: ‘bool v8::Value::BooleanValue(v8::Isolate*) const’
  437 |   bool BooleanValue(Isolate* isolate) const;
      |        ^~~~~~~~~~~~
/home/sakchai/.cache/node-gyp/22.18.0/include/node/v8-value.h:437:8: note:   candidate expects 1 argument, 0 provided
../ext/bson.cc:925:95: error: no matching function for call to ‘v8::Value::ToString()’
  925 |                 Local<Value> bin_value = Nan::Encode(serialized_object, object_size)->ToString();
      |                                          ~~~~~~~~~~~~~~~~~~~~~~~~~~~~~~~~~~~~~~~~~~~~~~~~~~~~~^~
/home/sakchai/.cache/node-gyp/22.18.0/include/node/v8-value.h:389:44: note: candidate: ‘v8::MaybeLocal<v8::String> v8::Value::ToString(v8::Local<v8::Context>) const’
  389 |   V8_WARN_UNUSED_RESULT MaybeLocal<String> ToString(
      |                                            ^~~~~~~~
/home/sakchai/.cache/node-gyp/22.18.0/include/node/v8-value.h:389:44: note:   candidate expects 1 argument, 0 provided
../ext/bson.cc: In static member function ‘static Nan::NAN_METHOD_RETURN_TYPE BSON::CalculateObjectSize(Nan::NAN_METHOD_ARGS_TYPE)’:
../ext/bson.cc:940:80: error: no matching function for call to ‘v8::Value::BooleanValue()’
  940 |         bool serializeFunctions = (info.Length() >= 2) && info[1]->BooleanValue();
      |                                                           ~~~~~~~~~~~~~~~~~~~~~^~
/home/sakchai/.cache/node-gyp/22.18.0/include/node/v8-value.h:437:8: note: candidate: ‘bool v8::Value::BooleanValue(v8::Isolate*) const’
  437 |   bool BooleanValue(Isolate* isolate) const;
      |        ^~~~~~~~~~~~
/home/sakchai/.cache/node-gyp/22.18.0/include/node/v8-value.h:437:8: note:   candidate expects 1 argument, 0 provided
../ext/bson.cc: In static member function ‘static Nan::NAN_METHOD_RETURN_TYPE BSON::SerializeWithBufferAndIndex(Nan::NAN_METHOD_ARGS_TYPE)’:
../ext/bson.cc:962:54: error: no matching function for call to ‘v8::Value::ToObject()’
  962 |                 Local<Object> obj = info[2]->ToObject();
      |                                     ~~~~~~~~~~~~~~~~~^~
/home/sakchai/.cache/node-gyp/22.18.0/include/node/v8-value.h:401:44: note: candidate: ‘v8::MaybeLocal<v8::Object> v8::Value::ToObject(v8::Local<v8::Context>) const’
  401 |   V8_WARN_UNUSED_RESULT MaybeLocal<Object> ToObject(
      |                                            ^~~~~~~~
/home/sakchai/.cache/node-gyp/22.18.0/include/node/v8-value.h:401:44: note:   candidate expects 1 argument, 0 provided
../ext/bson.cc:966:45: error: no matching function for call to ‘v8::Value::Uint32Value()’
  966 |                 index = info[3]->Uint32Value();
      |                         ~~~~~~~~~~~~~~~~~~~~^~
/home/sakchai/.cache/node-gyp/22.18.0/include/node/v8-value.h:445:41: note: candidate: ‘v8::Maybe<unsigned int> v8::Value::Uint32Value(v8::Local<v8::Context>) const’
  445 |   V8_WARN_UNUSED_RESULT Maybe<uint32_t> Uint32Value(
      |                                         ^~~~~~~~~~~
/home/sakchai/.cache/node-gyp/22.18.0/include/node/v8-value.h:445:41: note:   candidate expects 1 argument, 0 provided
../ext/bson.cc:967:101: error: no matching function for call to ‘v8::Value::BooleanValue()’
  967 |                 bool checkKeys = info.Length() >= 4 && info[1]->IsBoolean() && info[1]->BooleanValue();
      |                                                                                ~~~~~~~~~~~~~~~~~~~~~^~
/home/sakchai/.cache/node-gyp/22.18.0/include/node/v8-value.h:437:8: note: candidate: ‘bool v8::Value::BooleanValue(v8::Isolate*) const’
  437 |   bool BooleanValue(Isolate* isolate) const;
      |        ^~~~~~~~~~~~
/home/sakchai/.cache/node-gyp/22.18.0/include/node/v8-value.h:437:8: note:   candidate expects 1 argument, 0 provided
../ext/bson.cc:968:88: error: no matching function for call to ‘v8::Value::BooleanValue()’
  968 |                 bool serializeFunctions = (info.Length() == 5) && info[4]->BooleanValue();
      |                                                                   ~~~~~~~~~~~~~~~~~~~~~^~
/home/sakchai/.cache/node-gyp/22.18.0/include/node/v8-value.h:437:8: note: candidate: ‘bool v8::Value::BooleanValue(v8::Isolate*) const’
  437 |   bool BooleanValue(Isolate* isolate) const;
      |        ^~~~~~~~~~~~
/home/sakchai/.cache/node-gyp/22.18.0/include/node/v8-value.h:437:8: note:   candidate expects 1 argument, 0 provided
../ext/bson.cc: In static member function ‘static Nan::NAN_METHOD_RETURN_TYPE BSON::BSONDeserializeStream(Nan::NAN_METHOD_ARGS_TYPE)’:
../ext/bson.cc:1006:46: error: no matching function for call to ‘v8::Value::ToObject()’
 1006 |         Local<Object> obj = info[0]->ToObject();
      |                             ~~~~~~~~~~~~~~~~~^~
/home/sakchai/.cache/node-gyp/22.18.0/include/node/v8-value.h:401:44: note: candidate: ‘v8::MaybeLocal<v8::Object> v8::Value::ToObject(v8::Local<v8::Context>) const’
  401 |   V8_WARN_UNUSED_RESULT MaybeLocal<Object> ToObject(
      |                                            ^~~~~~~~
/home/sakchai/.cache/node-gyp/22.18.0/include/node/v8-value.h:401:44: note:   candidate expects 1 argument, 0 provided
../ext/bson.cc:1007:58: error: no matching function for call to ‘v8::Value::Uint32Value()’
 1007 |         uint32_t numberOfDocuments = info[2]->Uint32Value();
      |                                      ~~~~~~~~~~~~~~~~~~~~^~
/home/sakchai/.cache/node-gyp/22.18.0/include/node/v8-value.h:445:41: note: candidate: ‘v8::Maybe<unsigned int> v8::Value::Uint32Value(v8::Local<v8::Context>) const’
  445 |   V8_WARN_UNUSED_RESULT Maybe<uint32_t> Uint32Value(
      |                                         ^~~~~~~~~~~
/home/sakchai/.cache/node-gyp/22.18.0/include/node/v8-value.h:445:41: note:   candidate expects 1 argument, 0 provided
../ext/bson.cc:1008:46: error: no matching function for call to ‘v8::Value::Uint32Value()’
 1008 |         uint32_t index = info[1]->Uint32Value();
      |                          ~~~~~~~~~~~~~~~~~~~~^~
/home/sakchai/.cache/node-gyp/22.18.0/include/node/v8-value.h:445:41: note: candidate: ‘v8::Maybe<unsigned int> v8::Value::Uint32Value(v8::Local<v8::Context>) const’
  445 |   V8_WARN_UNUSED_RESULT Maybe<uint32_t> Uint32Value(
      |                                         ^~~~~~~~~~~
/home/sakchai/.cache/node-gyp/22.18.0/include/node/v8-value.h:445:41: note:   candidate expects 1 argument, 0 provided
../ext/bson.cc:1009:52: error: no matching function for call to ‘v8::Value::Uint32Value()’
 1009 |         uint32_t resultIndex = info[4]->Uint32Value();
      |                                ~~~~~~~~~~~~~~~~~~~~^~
/home/sakchai/.cache/node-gyp/22.18.0/include/node/v8-value.h:445:41: note: candidate: ‘v8::Maybe<unsigned int> v8::Value::Uint32Value(v8::Local<v8::Context>) const’
  445 |   V8_WARN_UNUSED_RESULT Maybe<uint32_t> Uint32Value(
      |                                         ^~~~~~~~~~~
/home/sakchai/.cache/node-gyp/22.18.0/include/node/v8-value.h:445:41: note:   candidate expects 1 argument, 0 provided
../ext/bson.cc:1014:58: error: no matching function for call to ‘v8::Value::ToObject()’
 1014 |                 Local<Object> options = info[5]->ToObject();
      |                                         ~~~~~~~~~~~~~~~~~^~
/home/sakchai/.cache/node-gyp/22.18.0/include/node/v8-value.h:401:44: note: candidate: ‘v8::MaybeLocal<v8::Object> v8::Value::ToObject(v8::Local<v8::Context>) const’
  401 |   V8_WARN_UNUSED_RESULT MaybeLocal<Object> ToObject(
      |                                            ^~~~~~~~
/home/sakchai/.cache/node-gyp/22.18.0/include/node/v8-value.h:401:44: note:   candidate expects 1 argument, 0 provided
../ext/bson.cc:1018:82: error: no matching function for call to ‘v8::Value::ToBoolean()’
 1018 |                         promoteLongs = NanGet(options, "promoteLongs")->ToBoolean()->Value();
/home/sakchai/.cache/node-gyp/22.18.0/include/node/v8-value.h:427:18: note: candidate: ‘v8::Local<v8::Boolean> v8::Value::ToBoolean(v8::Isolate*) const’
  427 |   Local<Boolean> ToBoolean(Isolate* isolate) const;
      |                  ^~~~~~~~~
/home/sakchai/.cache/node-gyp/22.18.0/include/node/v8-value.h:427:18: note:   candidate expects 1 argument, 0 provided
../ext/bson.cc:1036:52: error: no matching function for call to ‘v8::Value::ToObject()’
 1036 |         Local<Object> documents = info[3]->ToObject();
      |                                   ~~~~~~~~~~~~~~~~~^~
/home/sakchai/.cache/node-gyp/22.18.0/include/node/v8-value.h:401:44: note: candidate: ‘v8::MaybeLocal<v8::Object> v8::Value::ToObject(v8::Local<v8::Context>) const’
  401 |   V8_WARN_UNUSED_RESULT MaybeLocal<Object> ToObject(
      |                                            ^~~~~~~~
/home/sakchai/.cache/node-gyp/22.18.0/include/node/v8-value.h:401:44: note:   candidate expects 1 argument, 0 provided
../ext/bson.cc:1041:39: error: no matching function for call to ‘v8::Object::Set(uint32_t, v8::Local<v8::Value>)’
 1041 |                         documents->Set(i + resultIndex, deserializer.DeserializeDocument(promoteLongs));
      |                         ~~~~~~~~~~~~~~^~~~~~~~~~~~~~~~~~~~~~~~~~~~~~~~~~~~~~~~~~~~~~~~~~~~~~~~~~~~~~~~~
/home/sakchai/.cache/node-gyp/22.18.0/include/node/v8-object.h:240:37: note: candidate: ‘v8::Maybe<bool> v8::Object::Set(v8::Local<v8::Context>, v8::Local<v8::Value>, v8::Local<v8::Value>)’
  240 |   V8_WARN_UNUSED_RESULT Maybe<bool> Set(Local<Context> context,
      |                                     ^~~
/home/sakchai/.cache/node-gyp/22.18.0/include/node/v8-object.h:240:37: note:   candidate expects 3 arguments, 2 provided
/home/sakchai/.cache/node-gyp/22.18.0/include/node/v8-object.h:243:37: note: candidate: ‘v8::Maybe<bool> v8::Object::Set(v8::Local<v8::Context>, uint32_t, v8::Local<v8::Value>)’
  243 |   V8_WARN_UNUSED_RESULT Maybe<bool> Set(Local<Context> context, uint32_t index,
      |                                     ^~~
/home/sakchai/.cache/node-gyp/22.18.0/include/node/v8-object.h:243:37: note:   candidate expects 3 arguments, 2 provided
../ext/bson.cc: At global scope:
/home/sakchai/.cache/node-gyp/22.18.0/include/node/node.h:1228:7: warning: cast between incompatible function types from ‘void (*)(v8::Local<v8::Object>)’ to ‘node::addon_register_func’ {aka ‘void (*)(v8::Local<v8::Object>, v8::Local<v8::Value>, void*)’} [-Wcast-function-type]
 1228 |       (node::addon_register_func) (regfunc),                          \
      |       ^~~~~~~~~~~~~~~~~~~~~~~~~~~~~~~~~~~~~
/home/sakchai/.cache/node-gyp/22.18.0/include/node/node.h:1262:3: note: in expansion of macro ‘NODE_MODULE_X’
 1262 |   NODE_MODULE_X(modname, regfunc, NULL, 0)  // NOLINT (readability/null_usage)
      |   ^~~~~~~~~~~~~
../ext/bson.cc:1059:1: note: in expansion of macro ‘NODE_MODULE’
 1059 | NODE_MODULE(bson, BSON::Initialize);
      | ^~~~~~~~~~~
In file included from /home/sakchai/.cache/node-gyp/22.18.0/include/node/v8-array-buffer.h:12:
/home/sakchai/.cache/node-gyp/22.18.0/include/node/v8-local-handle.h: In instantiation of ‘v8::Local<T>::Local(v8::Local<S>) [with S = v8::Data; T = v8::Value]’:
../../nan/nan_callbacks_12_inl.h:173:53:   required from here
/home/sakchai/.cache/node-gyp/22.18.0/include/node/v8-local-handle.h:269:42: error: static assertion failed: type check
  269 |     static_assert(std::is_base_of<T, S>::value, "type check");
      |                                          ^~~~~
/home/sakchai/.cache/node-gyp/22.18.0/include/node/v8-local-handle.h:269:42: note: ‘std::integral_constant<bool, false>::value’ evaluates to false
../ext/bson.cc: In member function ‘v8::Local<v8::Value> BSONDeserializer::DeserializeValue(BsonType, bool)’:
../ext/bson.cc:539:17: warning: this statement may fall through [-Wimplicit-fallthrough=]
  539 |                 }
      |                 ^
../ext/bson.cc:541:9: note: here
  541 |         case BSON_TYPE_BOOLEAN:
      |         ^~~~
../ext/bson.cc:549:17: warning: this statement may fall through [-Wimplicit-fallthrough=]
  549 |                 }
      |                 ^
../ext/bson.cc:551:9: note: here
  551 |         case BSON_TYPE_CODE: {
      |         ^~~~
../ext/bson.cc:556:17: warning: this statement may fall through [-Wimplicit-fallthrough=]
  556 |                 }
      |                 ^
../ext/bson.cc:558:9: note: here
  558 |         case BSON_TYPE_CODE_W_SCOPE: {
      |         ^~~~
../ext/bson.cc:564:17: warning: this statement may fall through [-Wimplicit-fallthrough=]
  564 |                 }
      |                 ^
../ext/bson.cc:566:9: note: here
  566 |         case BSON_TYPE_OID: {
      |         ^~~~
../ext/bson.cc:569:17: warning: this statement may fall through [-Wimplicit-fallthrough=]
  569 |                 }
      |                 ^
../ext/bson.cc:571:9: note: here
  571 |         case BSON_TYPE_BINARY: {
      |         ^~~~
../ext/bson.cc:583:17: warning: this statement may fall through [-Wimplicit-fallthrough=]
  583 |                 }
      |                 ^
../ext/bson.cc:585:9: note: here
  585 |         case BSON_TYPE_LONG: {
      |         ^~~~
../ext/bson.cc:605:17: warning: this statement may fall through [-Wimplicit-fallthrough=]
  605 |                 }
      |                 ^
../ext/bson.cc:607:9: note: here
  607 |         case BSON_TYPE_DATE:
      |         ^~~~
../ext/bson.cc:620:17: warning: this statement may fall through [-Wimplicit-fallthrough=]
  620 |                 }
      |                 ^
../ext/bson.cc:622:9: note: here
  622 |         case BSON_TYPE_MIN_KEY:
      |         ^~~~
make: *** [bson.target.mk:108: Release/obj.target/bson/ext/bson.o] Error 1
gyp ERR! build error 
gyp ERR! stack Error: `make` failed with exit code: 2
gyp ERR! stack at ChildProcess.<anonymous> (/home/sakchai/.nvm/versions/node/v22.18.0/lib/node_modules/npm/node_modules/node-gyp/lib/build.js:219:23)
gyp ERR! System Linux 6.8.0-51-generic
gyp ERR! command "/home/sakchai/.nvm/versions/node/v22.18.0/bin/node" "/home/sakchai/.nvm/versions/node/v22.18.0/lib/node_modules/npm/node_modules/node-gyp/bin/node-gyp.js" "rebuild"
gyp ERR! cwd /home/sakchai/dev/chat_app/backend/node_modules/bson-ext
gyp ERR! node -v v22.18.0
gyp ERR! node-gyp -v v11.2.0
gyp ERR! not ok 
